{"C:\\Users\\Brandon Pyle\\Documents\\GitHub\\sweng-861-week-5-software-testing\\frontend\\src\\App.jsx": {"path":"C:\\Users\\Brandon Pyle\\Documents\\GitHub\\sweng-861-week-5-software-testing\\frontend\\src\\App.jsx","statementMap":{"0":{"start":{"line":14,"column":27},"end":{"line":14,"column":44}},"1":{"start":{"line":16,"column":28},"end":{"line":16,"column":45}},"2":{"start":{"line":18,"column":28},"end":{"line":18,"column":91}},"3":{"start":{"line":18,"column":34},"end":{"line":18,"column":91}},"4":{"start":{"line":20,"column":12},"end":{"line":74,"column":1}},"5":{"start":{"line":22,"column":36},"end":{"line":22,"column":48}},"6":{"start":{"line":24,"column":30},"end":{"line":24,"column":86}},"7":{"start":{"line":24,"column":45},"end":{"line":24,"column":85}},"8":{"start":{"line":26,"column":4},"end":{"line":45,"column":10}},"9":{"start":{"line":28,"column":28},"end":{"line":28,"column":58}},"10":{"start":{"line":29,"column":29},"end":{"line":29,"column":60}},"11":{"start":{"line":31,"column":8},"end":{"line":31,"column":100}},"12":{"start":{"line":33,"column":8},"end":{"line":43,"column":9}},"13":{"start":{"line":34,"column":12},"end":{"line":40,"column":14}},"14":{"start":{"line":36,"column":16},"end":{"line":36,"column":73}},"15":{"start":{"line":38,"column":16},"end":{"line":38,"column":38}},"16":{"start":{"line":42,"column":12},"end":{"line":42,"column":59}},"17":{"start":{"line":48,"column":4},"end":{"line":72,"column":6}}},"fnMap":{"0":{"name":"(anonymous_0)","decl":{"start":{"line":18,"column":28},"end":{"line":18,"column":29}},"loc":{"start":{"line":18,"column":34},"end":{"line":18,"column":91}},"line":18},"1":{"name":"(anonymous_1)","decl":{"start":{"line":20,"column":12},"end":{"line":20,"column":13}},"loc":{"start":{"line":20,"column":18},"end":{"line":74,"column":1}},"line":20},"2":{"name":"(anonymous_2)","decl":{"start":{"line":24,"column":39},"end":{"line":24,"column":40}},"loc":{"start":{"line":24,"column":45},"end":{"line":24,"column":85}},"line":24},"3":{"name":"(anonymous_3)","decl":{"start":{"line":26,"column":14},"end":{"line":26,"column":15}},"loc":{"start":{"line":26,"column":20},"end":{"line":45,"column":5}},"line":26},"4":{"name":"(anonymous_4)","decl":{"start":{"line":34,"column":21},"end":{"line":34,"column":22}},"loc":{"start":{"line":34,"column":27},"end":{"line":40,"column":13}},"line":34}},"branchMap":{"0":{"loc":{"start":{"line":24,"column":45},"end":{"line":24,"column":85}},"type":"cond-expr","locations":[{"start":{"line":24,"column":69},"end":{"line":24,"column":75}},{"start":{"line":24,"column":78},"end":{"line":24,"column":85}}],"line":24},"1":{"loc":{"start":{"line":31,"column":8},"end":{"line":31,"column":100}},"type":"cond-expr","locations":[{"start":{"line":31,"column":24},"end":{"line":31,"column":62}},{"start":{"line":31,"column":65},"end":{"line":31,"column":100}}],"line":31},"2":{"loc":{"start":{"line":33,"column":8},"end":{"line":43,"column":9}},"type":"if","locations":[{"start":{"line":33,"column":8},"end":{"line":43,"column":9}},{"start":{"line":41,"column":15},"end":{"line":43,"column":9}}],"line":33}},"s":{"0":2,"1":2,"2":2,"3":4,"4":2,"5":5,"6":4,"7":4,"8":0,"9":0,"10":0,"11":0,"12":0,"13":0,"14":0,"15":0,"16":0,"17":0},"f":{"0":4,"1":5,"2":4,"3":0,"4":0},"b":{"0":[0,0],"1":[0,0],"2":[0,0]},"_coverageSchema":"1a1c01bbd47fc00a2c39e90264f33305004495a9","hash":"7943036ed8fb4ab1a4d2afb4e4e255c0920ad028"}
,"C:\\Users\\Brandon Pyle\\Documents\\GitHub\\sweng-861-week-5-software-testing\\frontend\\src\\common\\date.jsx": {"path":"C:\\Users\\Brandon Pyle\\Documents\\GitHub\\sweng-861-week-5-software-testing\\frontend\\src\\common\\date.jsx","statementMap":{"0":{"start":{"line":1,"column":13},"end":{"line":1,"column":97}},"1":{"start":{"line":2,"column":11},"end":{"line":2,"column":89}},"2":{"start":{"line":4,"column":22},"end":{"line":8,"column":1}},"3":{"start":{"line":5,"column":15},"end":{"line":5,"column":34}},"4":{"start":{"line":7,"column":4},"end":{"line":7,"column":57}},"5":{"start":{"line":10,"column":26},"end":{"line":14,"column":1}},"6":{"start":{"line":11,"column":15},"end":{"line":11,"column":34}},"7":{"start":{"line":13,"column":4},"end":{"line":13,"column":79}}},"fnMap":{"0":{"name":"(anonymous_0)","decl":{"start":{"line":4,"column":22},"end":{"line":4,"column":23}},"loc":{"start":{"line":4,"column":37},"end":{"line":8,"column":1}},"line":4},"1":{"name":"(anonymous_1)","decl":{"start":{"line":10,"column":26},"end":{"line":10,"column":27}},"loc":{"start":{"line":10,"column":41},"end":{"line":14,"column":1}},"line":10}},"branchMap":{},"s":{"0":2,"1":2,"2":2,"3":0,"4":0,"5":2,"6":0,"7":0},"f":{"0":0,"1":0},"b":{},"_coverageSchema":"1a1c01bbd47fc00a2c39e90264f33305004495a9","hash":"cace31f46a129e326f9d4f7cdeee066036d7c83d"}
,"C:\\Users\\Brandon Pyle\\Documents\\GitHub\\sweng-861-week-5-software-testing\\frontend\\src\\common\\filter-pagination-data.jsx": {"path":"C:\\Users\\Brandon Pyle\\Documents\\GitHub\\sweng-861-week-5-software-testing\\frontend\\src\\common\\filter-pagination-data.jsx","statementMap":{"0":{"start":{"line":3,"column":36},"end":{"line":31,"column":1}},"1":{"start":{"line":7,"column":18},"end":{"line":7,"column":20}},"2":{"start":{"line":9,"column":4},"end":{"line":13,"column":5}},"3":{"start":{"line":10,"column":8},"end":{"line":12,"column":9}},"4":{"start":{"line":15,"column":4},"end":{"line":27,"column":5}},"5":{"start":{"line":16,"column":8},"end":{"line":16,"column":76}},"6":{"start":{"line":19,"column":8},"end":{"line":25,"column":14}},"7":{"start":{"line":21,"column":16},"end":{"line":21,"column":59}},"8":{"start":{"line":24,"column":16},"end":{"line":24,"column":32}},"9":{"start":{"line":29,"column":4},"end":{"line":29,"column":15}}},"fnMap":{"0":{"name":"(anonymous_0)","decl":{"start":{"line":3,"column":36},"end":{"line":3,"column":37}},"loc":{"start":{"line":3,"column":142},"end":{"line":31,"column":1}},"line":3},"1":{"name":"(anonymous_1)","decl":{"start":{"line":20,"column":18},"end":{"line":20,"column":19}},"loc":{"start":{"line":20,"column":47},"end":{"line":22,"column":13}},"line":20},"2":{"name":"(anonymous_2)","decl":{"start":{"line":23,"column":19},"end":{"line":23,"column":20}},"loc":{"start":{"line":23,"column":26},"end":{"line":25,"column":13}},"line":23}},"branchMap":{"0":{"loc":{"start":{"line":3,"column":45},"end":{"line":3,"column":67}},"type":"default-arg","locations":[{"start":{"line":3,"column":62},"end":{"line":3,"column":67}}],"line":3},"1":{"loc":{"start":{"line":3,"column":100},"end":{"line":3,"column":117}},"type":"default-arg","locations":[{"start":{"line":3,"column":115},"end":{"line":3,"column":117}}],"line":3},"2":{"loc":{"start":{"line":3,"column":119},"end":{"line":3,"column":135}},"type":"default-arg","locations":[{"start":{"line":3,"column":126},"end":{"line":3,"column":135}}],"line":3},"3":{"loc":{"start":{"line":9,"column":4},"end":{"line":13,"column":5}},"type":"if","locations":[{"start":{"line":9,"column":4},"end":{"line":13,"column":5}},{"start":{},"end":{}}],"line":9},"4":{"loc":{"start":{"line":15,"column":4},"end":{"line":27,"column":5}},"type":"if","locations":[{"start":{"line":15,"column":4},"end":{"line":27,"column":5}},{"start":{"line":17,"column":11},"end":{"line":27,"column":5}}],"line":15},"5":{"loc":{"start":{"line":15,"column":8},"end":{"line":15,"column":40}},"type":"binary-expr","locations":[{"start":{"line":15,"column":8},"end":{"line":15,"column":21}},{"start":{"line":15,"column":25},"end":{"line":15,"column":40}}],"line":15}},"s":{"0":2,"1":0,"2":0,"3":0,"4":0,"5":0,"6":0,"7":0,"8":0,"9":0},"f":{"0":0,"1":0,"2":0},"b":{"0":[0],"1":[0],"2":[0],"3":[0,0],"4":[0,0],"5":[0,0]},"_coverageSchema":"1a1c01bbd47fc00a2c39e90264f33305004495a9","hash":"dadf013afd4090935304eea293b6d170cf9fef0c"}
,"C:\\Users\\Brandon Pyle\\Documents\\GitHub\\sweng-861-week-5-software-testing\\frontend\\src\\common\\firebase.jsx": {"path":"C:\\Users\\Brandon Pyle\\Documents\\GitHub\\sweng-861-week-5-software-testing\\frontend\\src\\common\\firebase.jsx","statementMap":{"0":{"start":{"line":4,"column":23},"end":{"line":11,"column":1}},"1":{"start":{"line":13,"column":12},"end":{"line":13,"column":41}},"2":{"start":{"line":16,"column":24},"end":{"line":16,"column":48}},"3":{"start":{"line":17,"column":20},"end":{"line":17,"column":29}},"4":{"start":{"line":19,"column":30},"end":{"line":32,"column":1}},"5":{"start":{"line":21,"column":15},"end":{"line":21,"column":19}},"6":{"start":{"line":23,"column":4},"end":{"line":29,"column":10}},"7":{"start":{"line":25,"column":12},"end":{"line":25,"column":30}},"8":{"start":{"line":28,"column":12},"end":{"line":28,"column":28}},"9":{"start":{"line":31,"column":4},"end":{"line":31,"column":16}},"10":{"start":{"line":35,"column":26},"end":{"line":35,"column":52}},"11":{"start":{"line":36,"column":22},"end":{"line":36,"column":31}},"12":{"start":{"line":38,"column":32},"end":{"line":51,"column":1}},"13":{"start":{"line":40,"column":15},"end":{"line":40,"column":19}},"14":{"start":{"line":42,"column":4},"end":{"line":48,"column":10}},"15":{"start":{"line":44,"column":12},"end":{"line":44,"column":30}},"16":{"start":{"line":47,"column":12},"end":{"line":47,"column":28}},"17":{"start":{"line":50,"column":4},"end":{"line":50,"column":16}}},"fnMap":{"0":{"name":"(anonymous_0)","decl":{"start":{"line":19,"column":30},"end":{"line":19,"column":31}},"loc":{"start":{"line":19,"column":42},"end":{"line":32,"column":1}},"line":19},"1":{"name":"(anonymous_1)","decl":{"start":{"line":24,"column":14},"end":{"line":24,"column":15}},"loc":{"start":{"line":24,"column":26},"end":{"line":26,"column":9}},"line":24},"2":{"name":"(anonymous_2)","decl":{"start":{"line":27,"column":15},"end":{"line":27,"column":16}},"loc":{"start":{"line":27,"column":24},"end":{"line":29,"column":9}},"line":27},"3":{"name":"(anonymous_3)","decl":{"start":{"line":38,"column":32},"end":{"line":38,"column":33}},"loc":{"start":{"line":38,"column":44},"end":{"line":51,"column":1}},"line":38},"4":{"name":"(anonymous_4)","decl":{"start":{"line":43,"column":14},"end":{"line":43,"column":15}},"loc":{"start":{"line":43,"column":26},"end":{"line":45,"column":9}},"line":43},"5":{"name":"(anonymous_5)","decl":{"start":{"line":46,"column":15},"end":{"line":46,"column":16}},"loc":{"start":{"line":46,"column":24},"end":{"line":48,"column":9}},"line":46}},"branchMap":{},"s":{"0":2,"1":2,"2":2,"3":2,"4":2,"5":0,"6":0,"7":0,"8":0,"9":0,"10":2,"11":2,"12":2,"13":0,"14":0,"15":0,"16":0,"17":0},"f":{"0":0,"1":0,"2":0,"3":0,"4":0,"5":0},"b":{},"_coverageSchema":"1a1c01bbd47fc00a2c39e90264f33305004495a9","hash":"2abd335b9a836c19e01caeedc66d67da218a6402"}
,"C:\\Users\\Brandon Pyle\\Documents\\GitHub\\sweng-861-week-5-software-testing\\frontend\\src\\common\\page-animation.jsx": {"path":"C:\\Users\\Brandon Pyle\\Documents\\GitHub\\sweng-861-week-5-software-testing\\frontend\\src\\common\\page-animation.jsx","statementMap":{"0":{"start":{"line":3,"column":25},"end":{"line":17,"column":1}},"1":{"start":{"line":4,"column":4},"end":{"line":16,"column":5}}},"fnMap":{"0":{"name":"(anonymous_0)","decl":{"start":{"line":3,"column":25},"end":{"line":3,"column":26}},"loc":{"start":{"line":3,"column":146},"end":{"line":17,"column":1}},"line":3}},"branchMap":{"0":{"loc":{"start":{"line":3,"column":48},"end":{"line":3,"column":72}},"type":"default-arg","locations":[{"start":{"line":3,"column":58},"end":{"line":3,"column":72}}],"line":3},"1":{"loc":{"start":{"line":3,"column":74},"end":{"line":3,"column":98}},"type":"default-arg","locations":[{"start":{"line":3,"column":84},"end":{"line":3,"column":98}}],"line":3},"2":{"loc":{"start":{"line":3,"column":100},"end":{"line":3,"column":128}},"type":"default-arg","locations":[{"start":{"line":3,"column":113},"end":{"line":3,"column":128}}],"line":3}},"s":{"0":2,"1":0},"f":{"0":0},"b":{"0":[0],"1":[0],"2":[0]},"_coverageSchema":"1a1c01bbd47fc00a2c39e90264f33305004495a9","hash":"daaa169401f0618eaad5a88df01baaf692470c8b"}
,"C:\\Users\\Brandon Pyle\\Documents\\GitHub\\sweng-861-week-5-software-testing\\frontend\\src\\components\\about.jsx": {"path":"C:\\Users\\Brandon Pyle\\Documents\\GitHub\\sweng-861-week-5-software-testing\\frontend\\src\\components\\about.jsx","statementMap":{"0":{"start":{"line":4,"column":18},"end":{"line":28,"column":1}},"1":{"start":{"line":5,"column":4},"end":{"line":27,"column":5}},"2":{"start":{"line":14,"column":35},"end":{"line":14,"column":52}},"3":{"start":{"line":16,"column":24},"end":{"line":18,"column":42}}},"fnMap":{"0":{"name":"(anonymous_0)","decl":{"start":{"line":4,"column":18},"end":{"line":4,"column":19}},"loc":{"start":{"line":4,"column":66},"end":{"line":28,"column":1}},"line":4},"1":{"name":"(anonymous_1)","decl":{"start":{"line":12,"column":50},"end":{"line":12,"column":51}},"loc":{"start":{"line":12,"column":59},"end":{"line":20,"column":21}},"line":12}},"branchMap":{"0":{"loc":{"start":{"line":7,"column":46},"end":{"line":7,"column":87}},"type":"cond-expr","locations":[{"start":{"line":7,"column":59},"end":{"line":7,"column":62}},{"start":{"line":7,"column":65},"end":{"line":7,"column":87}}],"line":7},"1":{"loc":{"start":{"line":16,"column":31},"end":{"line":18,"column":42}},"type":"cond-expr","locations":[{"start":{"line":16,"column":38},"end":{"line":18,"column":36}},{"start":{"line":18,"column":39},"end":{"line":18,"column":42}}],"line":16},"2":{"loc":{"start":{"line":17,"column":48},"end":{"line":17,"column":101}},"type":"cond-expr","locations":[{"start":{"line":17,"column":67},"end":{"line":17,"column":85}},{"start":{"line":17,"column":88},"end":{"line":17,"column":101}}],"line":17}},"s":{"0":2,"1":0,"2":0,"3":0},"f":{"0":0,"1":0},"b":{"0":[0,0],"1":[0,0],"2":[0,0]},"_coverageSchema":"1a1c01bbd47fc00a2c39e90264f33305004495a9","hash":"ae3fb5f0aa187dc718898e686f39959c9e3c18c8"}
,"C:\\Users\\Brandon Pyle\\Documents\\GitHub\\sweng-861-week-5-software-testing\\frontend\\src\\components\\inpage-navigation.jsx": {"path":"C:\\Users\\Brandon Pyle\\Documents\\GitHub\\sweng-861-week-5-software-testing\\frontend\\src\\components\\inpage-navigation.jsx","statementMap":{"0":{"start":{"line":6,"column":25},"end":{"line":72,"column":1}},"1":{"start":{"line":8,"column":4},"end":{"line":8,"column":32}},"2":{"start":{"line":9,"column":4},"end":{"line":9,"column":28}},"3":{"start":{"line":11,"column":46},"end":{"line":11,"column":74}},"4":{"start":{"line":13,"column":54},"end":{"line":13,"column":69}},"5":{"start":{"line":14,"column":28},"end":{"line":14,"column":55}},"6":{"start":{"line":16,"column":28},"end":{"line":25,"column":5}},"7":{"start":{"line":18,"column":42},"end":{"line":18,"column":45}},"8":{"start":{"line":20,"column":8},"end":{"line":20,"column":66}},"9":{"start":{"line":21,"column":8},"end":{"line":21,"column":64}},"10":{"start":{"line":23,"column":8},"end":{"line":23,"column":29}},"11":{"start":{"line":27,"column":4},"end":{"line":43,"column":15}},"12":{"start":{"line":29,"column":8},"end":{"line":31,"column":9}},"13":{"start":{"line":30,"column":12},"end":{"line":30,"column":69}},"14":{"start":{"line":33,"column":8},"end":{"line":41,"column":9}},"15":{"start":{"line":34,"column":12},"end":{"line":40,"column":14}},"16":{"start":{"line":35,"column":16},"end":{"line":37,"column":17}},"17":{"start":{"line":36,"column":20},"end":{"line":36,"column":48}},"18":{"start":{"line":39,"column":16},"end":{"line":39,"column":44}},"19":{"start":{"line":45,"column":4},"end":{"line":71,"column":5}},"20":{"start":{"line":51,"column":24},"end":{"line":60,"column":25}},"21":{"start":{"line":56,"column":50},"end":{"line":56,"column":78}}},"fnMap":{"0":{"name":"(anonymous_0)","decl":{"start":{"line":6,"column":25},"end":{"line":6,"column":26}},"loc":{"start":{"line":6,"column":95},"end":{"line":72,"column":1}},"line":6},"1":{"name":"(anonymous_1)","decl":{"start":{"line":16,"column":28},"end":{"line":16,"column":29}},"loc":{"start":{"line":16,"column":40},"end":{"line":25,"column":5}},"line":16},"2":{"name":"(anonymous_2)","decl":{"start":{"line":27,"column":14},"end":{"line":27,"column":15}},"loc":{"start":{"line":27,"column":20},"end":{"line":43,"column":5}},"line":27},"3":{"name":"(anonymous_3)","decl":{"start":{"line":34,"column":46},"end":{"line":34,"column":47}},"loc":{"start":{"line":34,"column":52},"end":{"line":40,"column":13}},"line":34},"4":{"name":"(anonymous_4)","decl":{"start":{"line":50,"column":31},"end":{"line":50,"column":32}},"loc":{"start":{"line":50,"column":45},"end":{"line":61,"column":21}},"line":50},"5":{"name":"(anonymous_5)","decl":{"start":{"line":56,"column":41},"end":{"line":56,"column":42}},"loc":{"start":{"line":56,"column":48},"end":{"line":56,"column":80}},"line":56}},"branchMap":{"0":{"loc":{"start":{"line":6,"column":36},"end":{"line":6,"column":54}},"type":"default-arg","locations":[{"start":{"line":6,"column":52},"end":{"line":6,"column":54}}],"line":6},"1":{"loc":{"start":{"line":6,"column":56},"end":{"line":6,"column":78}},"type":"default-arg","locations":[{"start":{"line":6,"column":77},"end":{"line":6,"column":78}}],"line":6},"2":{"loc":{"start":{"line":29,"column":8},"end":{"line":31,"column":9}},"type":"if","locations":[{"start":{"line":29,"column":8},"end":{"line":31,"column":9}},{"start":{},"end":{}}],"line":29},"3":{"loc":{"start":{"line":29,"column":12},"end":{"line":29,"column":63}},"type":"binary-expr","locations":[{"start":{"line":29,"column":12},"end":{"line":29,"column":23}},{"start":{"line":29,"column":27},"end":{"line":29,"column":63}}],"line":29},"4":{"loc":{"start":{"line":33,"column":8},"end":{"line":41,"column":9}},"type":"if","locations":[{"start":{"line":33,"column":8},"end":{"line":41,"column":9}},{"start":{},"end":{}}],"line":33},"5":{"loc":{"start":{"line":35,"column":16},"end":{"line":37,"column":17}},"type":"if","locations":[{"start":{"line":35,"column":16},"end":{"line":37,"column":17}},{"start":{},"end":{}}],"line":35},"6":{"loc":{"start":{"line":53,"column":37},"end":{"line":53,"column":82}},"type":"cond-expr","locations":[{"start":{"line":53,"column":63},"end":{"line":53,"column":75}},{"start":{"line":53,"column":78},"end":{"line":53,"column":82}}],"line":53},"7":{"loc":{"start":{"line":55,"column":69},"end":{"line":55,"column":124}},"type":"cond-expr","locations":[{"start":{"line":55,"column":91},"end":{"line":55,"column":104}},{"start":{"line":55,"column":107},"end":{"line":55,"column":124}}],"line":55},"8":{"loc":{"start":{"line":55,"column":129},"end":{"line":55,"column":180}},"type":"cond-expr","locations":[{"start":{"line":55,"column":161},"end":{"line":55,"column":174}},{"start":{"line":55,"column":177},"end":{"line":55,"column":180}}],"line":55},"9":{"loc":{"start":{"line":68,"column":13},"end":{"line":68,"column":74}},"type":"cond-expr","locations":[{"start":{"line":68,"column":39},"end":{"line":68,"column":63}},{"start":{"line":68,"column":66},"end":{"line":68,"column":74}}],"line":68}},"s":{"0":2,"1":0,"2":0,"3":0,"4":0,"5":0,"6":0,"7":0,"8":0,"9":0,"10":0,"11":0,"12":0,"13":0,"14":0,"15":0,"16":0,"17":0,"18":0,"19":0,"20":0,"21":0},"f":{"0":0,"1":0,"2":0,"3":0,"4":0,"5":0},"b":{"0":[0],"1":[0],"2":[0,0],"3":[0,0],"4":[0,0],"5":[0,0],"6":[0,0],"7":[0,0],"8":[0,0],"9":[0,0]},"_coverageSchema":"1a1c01bbd47fc00a2c39e90264f33305004495a9","hash":"a03f831ed744cbafdae580a31d408a5b85baf2b4"}
,"C:\\Users\\Brandon Pyle\\Documents\\GitHub\\sweng-861-week-5-software-testing\\frontend\\src\\components\\input.jsx": {"path":"C:\\Users\\Brandon Pyle\\Documents\\GitHub\\sweng-861-week-5-software-testing\\frontend\\src\\components\\input.jsx","statementMap":{"0":{"start":{"line":3,"column":17},"end":{"line":32,"column":1}},"1":{"start":{"line":5,"column":50},"end":{"line":5,"column":65}},"2":{"start":{"line":7,"column":4},"end":{"line":31,"column":5}},"3":{"start":{"line":25,"column":39},"end":{"line":25,"column":84}},"4":{"start":{"line":25,"column":72},"end":{"line":25,"column":83}}},"fnMap":{"0":{"name":"(anonymous_0)","decl":{"start":{"line":3,"column":17},"end":{"line":3,"column":18}},"loc":{"start":{"line":3,"column":84},"end":{"line":32,"column":1}},"line":3},"1":{"name":"(anonymous_1)","decl":{"start":{"line":25,"column":33},"end":{"line":25,"column":34}},"loc":{"start":{"line":25,"column":39},"end":{"line":25,"column":84}},"line":25},"2":{"name":"(anonymous_2)","decl":{"start":{"line":25,"column":58},"end":{"line":25,"column":59}},"loc":{"start":{"line":25,"column":72},"end":{"line":25,"column":83}},"line":25}},"branchMap":{"0":{"loc":{"start":{"line":3,"column":62},"end":{"line":3,"column":77}},"type":"default-arg","locations":[{"start":{"line":3,"column":72},"end":{"line":3,"column":77}}],"line":3},"1":{"loc":{"start":{"line":11,"column":22},"end":{"line":11,"column":87}},"type":"cond-expr","locations":[{"start":{"line":11,"column":43},"end":{"line":11,"column":80}},{"start":{"line":11,"column":83},"end":{"line":11,"column":87}}],"line":11},"2":{"loc":{"start":{"line":11,"column":43},"end":{"line":11,"column":80}},"type":"cond-expr","locations":[{"start":{"line":11,"column":61},"end":{"line":11,"column":67}},{"start":{"line":11,"column":70},"end":{"line":11,"column":80}}],"line":11},"3":{"loc":{"start":{"line":23,"column":16},"end":{"line":27,"column":24}},"type":"cond-expr","locations":[{"start":{"line":24,"column":20},"end":{"line":26,"column":25}},{"start":{"line":27,"column":22},"end":{"line":27,"column":24}}],"line":23},"4":{"loc":{"start":{"line":24,"column":52},"end":{"line":24,"column":86}},"type":"cond-expr","locations":[{"start":{"line":24,"column":71},"end":{"line":24,"column":81}},{"start":{"line":24,"column":84},"end":{"line":24,"column":86}}],"line":24}},"s":{"0":2,"1":0,"2":0,"3":0,"4":0},"f":{"0":0,"1":0,"2":0},"b":{"0":[0],"1":[0,0],"2":[0,0],"3":[0,0],"4":[0,0]},"_coverageSchema":"1a1c01bbd47fc00a2c39e90264f33305004495a9","hash":"12f6273f7ede09b3a2d3f7482c811bfbcf1a6bed"}
,"C:\\Users\\Brandon Pyle\\Documents\\GitHub\\sweng-861-week-5-software-testing\\frontend\\src\\components\\loader.jsx": {"path":"C:\\Users\\Brandon Pyle\\Documents\\GitHub\\sweng-861-week-5-software-testing\\frontend\\src\\components\\loader.jsx","statementMap":{"0":{"start":{"line":1,"column":15},"end":{"line":11,"column":1}},"1":{"start":{"line":2,"column":4},"end":{"line":10,"column":5}}},"fnMap":{"0":{"name":"(anonymous_0)","decl":{"start":{"line":1,"column":15},"end":{"line":1,"column":16}},"loc":{"start":{"line":1,"column":21},"end":{"line":11,"column":1}},"line":1}},"branchMap":{},"s":{"0":2,"1":0},"f":{"0":0},"b":{},"_coverageSchema":"1a1c01bbd47fc00a2c39e90264f33305004495a9","hash":"e072885b63ce783f492cce0d8396f2d2eab28cf7"}
,"C:\\Users\\Brandon Pyle\\Documents\\GitHub\\sweng-861-week-5-software-testing\\frontend\\src\\components\\navbar.jsx": {"path":"C:\\Users\\Brandon Pyle\\Documents\\GitHub\\sweng-861-week-5-software-testing\\frontend\\src\\components\\navbar.jsx","statementMap":{"0":{"start":{"line":9,"column":15},"end":{"line":151,"column":1}},"1":{"start":{"line":11,"column":58},"end":{"line":11,"column":73}},"2":{"start":{"line":12,"column":44},"end":{"line":12,"column":59}},"3":{"start":{"line":14,"column":30},"end":{"line":14,"column":54}},"4":{"start":{"line":16,"column":19},"end":{"line":16,"column":32}},"5":{"start":{"line":18,"column":116},"end":{"line":18,"column":139}},"6":{"start":{"line":20,"column":4},"end":{"line":36,"column":22}},"7":{"start":{"line":22,"column":8},"end":{"line":34,"column":9}},"8":{"start":{"line":23,"column":12},"end":{"line":33,"column":18}},"9":{"start":{"line":29,"column":20},"end":{"line":29,"column":57}},"10":{"start":{"line":32,"column":20},"end":{"line":32,"column":36}},"11":{"start":{"line":38,"column":31},"end":{"line":40,"column":5}},"12":{"start":{"line":39,"column":8},"end":{"line":39,"column":51}},"13":{"start":{"line":39,"column":38},"end":{"line":39,"column":49}},"14":{"start":{"line":42,"column":25},"end":{"line":48,"column":5}},"15":{"start":{"line":43,"column":20},"end":{"line":43,"column":34}},"16":{"start":{"line":45,"column":8},"end":{"line":47,"column":9}},"17":{"start":{"line":46,"column":12},"end":{"line":46,"column":41}},"18":{"start":{"line":50,"column":23},"end":{"line":54,"column":5}},"19":{"start":{"line":51,"column":8},"end":{"line":53,"column":16}},"20":{"start":{"line":52,"column":12},"end":{"line":52,"column":35}},"21":{"start":{"line":56,"column":24},"end":{"line":66,"column":5}},"22":{"start":{"line":58,"column":23},"end":{"line":58,"column":58}},"23":{"start":{"line":60,"column":8},"end":{"line":60,"column":27}},"24":{"start":{"line":62,"column":8},"end":{"line":62,"column":59}},"25":{"start":{"line":64,"column":8},"end":{"line":64,"column":50}},"26":{"start":{"line":68,"column":4},"end":{"line":68,"column":25}},"27":{"start":{"line":70,"column":4},"end":{"line":150,"column":5}},"28":{"start":{"line":91,"column":39},"end":{"line":91,"column":88}},"29":{"start":{"line":91,"column":76},"end":{"line":91,"column":87}}},"fnMap":{"0":{"name":"(anonymous_0)","decl":{"start":{"line":9,"column":15},"end":{"line":9,"column":16}},"loc":{"start":{"line":9,"column":21},"end":{"line":151,"column":1}},"line":9},"1":{"name":"(anonymous_1)","decl":{"start":{"line":20,"column":14},"end":{"line":20,"column":15}},"loc":{"start":{"line":20,"column":20},"end":{"line":36,"column":5}},"line":20},"2":{"name":"(anonymous_2)","decl":{"start":{"line":28,"column":22},"end":{"line":28,"column":23}},"loc":{"start":{"line":28,"column":36},"end":{"line":30,"column":17}},"line":28},"3":{"name":"(anonymous_3)","decl":{"start":{"line":31,"column":23},"end":{"line":31,"column":24}},"loc":{"start":{"line":31,"column":30},"end":{"line":33,"column":17}},"line":31},"4":{"name":"(anonymous_4)","decl":{"start":{"line":38,"column":31},"end":{"line":38,"column":32}},"loc":{"start":{"line":38,"column":37},"end":{"line":40,"column":5}},"line":38},"5":{"name":"(anonymous_5)","decl":{"start":{"line":39,"column":24},"end":{"line":39,"column":25}},"loc":{"start":{"line":39,"column":38},"end":{"line":39,"column":49}},"line":39},"6":{"name":"(anonymous_6)","decl":{"start":{"line":42,"column":25},"end":{"line":42,"column":26}},"loc":{"start":{"line":42,"column":32},"end":{"line":48,"column":5}},"line":42},"7":{"name":"(anonymous_7)","decl":{"start":{"line":50,"column":23},"end":{"line":50,"column":24}},"loc":{"start":{"line":50,"column":29},"end":{"line":54,"column":5}},"line":50},"8":{"name":"(anonymous_8)","decl":{"start":{"line":51,"column":19},"end":{"line":51,"column":20}},"loc":{"start":{"line":51,"column":25},"end":{"line":53,"column":9}},"line":51},"9":{"name":"(anonymous_9)","decl":{"start":{"line":56,"column":24},"end":{"line":56,"column":25}},"loc":{"start":{"line":56,"column":30},"end":{"line":66,"column":5}},"line":56},"10":{"name":"(anonymous_10)","decl":{"start":{"line":91,"column":33},"end":{"line":91,"column":34}},"loc":{"start":{"line":91,"column":39},"end":{"line":91,"column":88}},"line":91},"11":{"name":"(anonymous_11)","decl":{"start":{"line":91,"column":62},"end":{"line":91,"column":63}},"loc":{"start":{"line":91,"column":76},"end":{"line":91,"column":87}},"line":91}},"branchMap":{"0":{"loc":{"start":{"line":22,"column":8},"end":{"line":34,"column":9}},"type":"if","locations":[{"start":{"line":22,"column":8},"end":{"line":34,"column":9}},{"start":{},"end":{}}],"line":22},"1":{"loc":{"start":{"line":45,"column":8},"end":{"line":47,"column":9}},"type":"if","locations":[{"start":{"line":45,"column":8},"end":{"line":47,"column":9}},{"start":{},"end":{}}],"line":45},"2":{"loc":{"start":{"line":45,"column":12},"end":{"line":45,"column":43}},"type":"binary-expr","locations":[{"start":{"line":45,"column":12},"end":{"line":45,"column":27}},{"start":{"line":45,"column":31},"end":{"line":45,"column":43}}],"line":45},"3":{"loc":{"start":{"line":58,"column":23},"end":{"line":58,"column":58}},"type":"cond-expr","locations":[{"start":{"line":58,"column":42},"end":{"line":58,"column":48}},{"start":{"line":58,"column":51},"end":{"line":58,"column":58}}],"line":58},"4":{"loc":{"start":{"line":75,"column":30},"end":{"line":75,"column":69}},"type":"cond-expr","locations":[{"start":{"line":75,"column":49},"end":{"line":75,"column":57}},{"start":{"line":75,"column":60},"end":{"line":75,"column":69}}],"line":75},"5":{"loc":{"start":{"line":78,"column":190},"end":{"line":78,"column":227}},"type":"cond-expr","locations":[{"start":{"line":78,"column":212},"end":{"line":78,"column":218}},{"start":{"line":78,"column":221},"end":{"line":78,"column":227}}],"line":78},"6":{"loc":{"start":{"line":97,"column":24},"end":{"line":101,"column":40}},"type":"cond-expr","locations":[{"start":{"line":98,"column":28},"end":{"line":101,"column":35}},{"start":{"line":101,"column":38},"end":{"line":101,"column":40}}],"line":97},"7":{"loc":{"start":{"line":105,"column":53},"end":{"line":105,"column":92}},"type":"cond-expr","locations":[{"start":{"line":105,"column":72},"end":{"line":105,"column":84}},{"start":{"line":105,"column":87},"end":{"line":105,"column":92}}],"line":105},"8":{"loc":{"start":{"line":109,"column":24},"end":{"line":141,"column":31}},"type":"cond-expr","locations":[{"start":{"line":110,"column":28},"end":{"line":132,"column":31}},{"start":{"line":134,"column":28},"end":{"line":141,"column":31}}],"line":109},"9":{"loc":{"start":{"line":115,"column":44},"end":{"line":116,"column":134}},"type":"cond-expr","locations":[{"start":{"line":116,"column":48},"end":{"line":116,"column":129}},{"start":{"line":116,"column":132},"end":{"line":116,"column":134}}],"line":115},"10":{"loc":{"start":{"line":128,"column":40},"end":{"line":128,"column":83}},"type":"cond-expr","locations":[{"start":{"line":128,"column":55},"end":{"line":128,"column":78}},{"start":{"line":128,"column":81},"end":{"line":128,"column":83}}],"line":128}},"s":{"0":2,"1":0,"2":0,"3":0,"4":0,"5":0,"6":0,"7":0,"8":0,"9":0,"10":0,"11":0,"12":0,"13":0,"14":0,"15":0,"16":0,"17":0,"18":0,"19":0,"20":0,"21":0,"22":0,"23":0,"24":0,"25":0,"26":0,"27":0,"28":0,"29":0},"f":{"0":0,"1":0,"2":0,"3":0,"4":0,"5":0,"6":0,"7":0,"8":0,"9":0,"10":0,"11":0},"b":{"0":[0,0],"1":[0,0],"2":[0,0],"3":[0,0],"4":[0,0],"5":[0,0],"6":[0,0],"7":[0,0],"8":[0,0],"9":[0,0],"10":[0,0]},"_coverageSchema":"1a1c01bbd47fc00a2c39e90264f33305004495a9","hash":"a0e04f01371e3e38710e012e622b6d520540e8ba"}
,"C:\\Users\\Brandon Pyle\\Documents\\GitHub\\sweng-861-week-5-software-testing\\frontend\\src\\components\\nodata.jsx": {"path":"C:\\Users\\Brandon Pyle\\Documents\\GitHub\\sweng-861-week-5-software-testing\\frontend\\src\\components\\nodata.jsx","statementMap":{"0":{"start":{"line":1,"column":22},"end":{"line":9,"column":1}},"1":{"start":{"line":3,"column":4},"end":{"line":7,"column":5}}},"fnMap":{"0":{"name":"(anonymous_0)","decl":{"start":{"line":1,"column":22},"end":{"line":1,"column":23}},"loc":{"start":{"line":1,"column":39},"end":{"line":9,"column":1}},"line":1}},"branchMap":{},"s":{"0":2,"1":0},"f":{"0":0},"b":{},"_coverageSchema":"1a1c01bbd47fc00a2c39e90264f33305004495a9","hash":"e4f873e62cf81f6c1007dbf080256fa984ef9527"}
,"C:\\Users\\Brandon Pyle\\Documents\\GitHub\\sweng-861-week-5-software-testing\\frontend\\src\\components\\sidenavbar.jsx": {"path":"C:\\Users\\Brandon Pyle\\Documents\\GitHub\\sweng-861-week-5-software-testing\\frontend\\src\\components\\sidenavbar.jsx","statementMap":{"0":{"start":{"line":5,"column":16},"end":{"line":109,"column":1}},"1":{"start":{"line":7,"column":78},"end":{"line":7,"column":101}},"2":{"start":{"line":9,"column":15},"end":{"line":9,"column":46}},"3":{"start":{"line":11,"column":36},"end":{"line":11,"column":68}},"4":{"start":{"line":12,"column":40},"end":{"line":12,"column":55}},"5":{"start":{"line":14,"column":24},"end":{"line":14,"column":32}},"6":{"start":{"line":15,"column":25},"end":{"line":15,"column":33}},"7":{"start":{"line":16,"column":23},"end":{"line":16,"column":31}},"8":{"start":{"line":18,"column":28},"end":{"line":31,"column":5}},"9":{"start":{"line":20,"column":42},"end":{"line":20,"column":50}},"10":{"start":{"line":22,"column":8},"end":{"line":22,"column":63}},"11":{"start":{"line":23,"column":8},"end":{"line":23,"column":61}},"12":{"start":{"line":25,"column":8},"end":{"line":29,"column":9}},"13":{"start":{"line":26,"column":12},"end":{"line":26,"column":33}},"14":{"start":{"line":28,"column":12},"end":{"line":28,"column":34}},"15":{"start":{"line":33,"column":4},"end":{"line":36,"column":19}},"16":{"start":{"line":34,"column":8},"end":{"line":34,"column":30}},"17":{"start":{"line":35,"column":8},"end":{"line":35,"column":37}},"18":{"start":{"line":38,"column":4},"end":{"line":108,"column":5}},"19":{"start":{"line":60,"column":75},"end":{"line":60,"column":107}},"20":{"start":{"line":65,"column":83},"end":{"line":65,"column":115}},"21":{"start":{"line":78,"column":74},"end":{"line":78,"column":106}},"22":{"start":{"line":87,"column":81},"end":{"line":87,"column":113}},"23":{"start":{"line":92,"column":84},"end":{"line":92,"column":116}}},"fnMap":{"0":{"name":"(anonymous_0)","decl":{"start":{"line":5,"column":16},"end":{"line":5,"column":17}},"loc":{"start":{"line":5,"column":22},"end":{"line":109,"column":1}},"line":5},"1":{"name":"(anonymous_1)","decl":{"start":{"line":18,"column":28},"end":{"line":18,"column":29}},"loc":{"start":{"line":18,"column":35},"end":{"line":31,"column":5}},"line":18},"2":{"name":"(anonymous_2)","decl":{"start":{"line":33,"column":14},"end":{"line":33,"column":15}},"loc":{"start":{"line":33,"column":20},"end":{"line":36,"column":5}},"line":33},"3":{"name":"(anonymous_3)","decl":{"start":{"line":60,"column":68},"end":{"line":60,"column":69}},"loc":{"start":{"line":60,"column":75},"end":{"line":60,"column":107}},"line":60},"4":{"name":"(anonymous_4)","decl":{"start":{"line":65,"column":76},"end":{"line":65,"column":77}},"loc":{"start":{"line":65,"column":83},"end":{"line":65,"column":115}},"line":65},"5":{"name":"(anonymous_5)","decl":{"start":{"line":78,"column":67},"end":{"line":78,"column":68}},"loc":{"start":{"line":78,"column":74},"end":{"line":78,"column":106}},"line":78},"6":{"name":"(anonymous_6)","decl":{"start":{"line":87,"column":74},"end":{"line":87,"column":75}},"loc":{"start":{"line":87,"column":81},"end":{"line":87,"column":113}},"line":87},"7":{"name":"(anonymous_7)","decl":{"start":{"line":92,"column":77},"end":{"line":92,"column":78}},"loc":{"start":{"line":92,"column":84},"end":{"line":92,"column":116}},"line":92}},"branchMap":{"0":{"loc":{"start":{"line":25,"column":8},"end":{"line":29,"column":9}},"type":"if","locations":[{"start":{"line":25,"column":8},"end":{"line":29,"column":9}},{"start":{"line":27,"column":15},"end":{"line":29,"column":9}}],"line":25},"1":{"loc":{"start":{"line":39,"column":8},"end":{"line":107,"column":15}},"type":"cond-expr","locations":[{"start":{"line":39,"column":32},"end":{"line":39,"column":57}},{"start":{"line":40,"column":12},"end":{"line":107,"column":15}}],"line":39},"2":{"loc":{"start":{"line":55,"column":271},"end":{"line":55,"column":367}},"type":"cond-expr","locations":[{"start":{"line":55,"column":286},"end":{"line":55,"column":331}},{"start":{"line":55,"column":334},"end":{"line":55,"column":367}}],"line":55},"3":{"loc":{"start":{"line":69,"column":40},"end":{"line":70,"column":130}},"type":"cond-expr","locations":[{"start":{"line":70,"column":44},"end":{"line":70,"column":125}},{"start":{"line":70,"column":128},"end":{"line":70,"column":130}}],"line":69},"4":{"loc":{"start":{"line":77,"column":32},"end":{"line":81,"column":51}},"type":"cond-expr","locations":[{"start":{"line":78,"column":36},"end":{"line":81,"column":46}},{"start":{"line":81,"column":49},"end":{"line":81,"column":51}}],"line":77}},"s":{"0":2,"1":0,"2":0,"3":0,"4":0,"5":0,"6":0,"7":0,"8":0,"9":0,"10":0,"11":0,"12":0,"13":0,"14":0,"15":0,"16":0,"17":0,"18":0,"19":0,"20":0,"21":0,"22":0,"23":0},"f":{"0":0,"1":0,"2":0,"3":0,"4":0,"5":0,"6":0,"7":0},"b":{"0":[0,0],"1":[0,0],"2":[0,0],"3":[0,0],"4":[0,0]},"_coverageSchema":"1a1c01bbd47fc00a2c39e90264f33305004495a9","hash":"dff14511a79e59edcab877bf3186f0a7e8698356"}
,"C:\\Users\\Brandon Pyle\\Documents\\GitHub\\sweng-861-week-5-software-testing\\frontend\\src\\components\\user-navigation.jsx": {"path":"C:\\Users\\Brandon Pyle\\Documents\\GitHub\\sweng-861-week-5-software-testing\\frontend\\src\\components\\user-navigation.jsx","statementMap":{"0":{"start":{"line":6,"column":28},"end":{"line":57,"column":1}},"1":{"start":{"line":8,"column":61},"end":{"line":8,"column":84}},"2":{"start":{"line":10,"column":24},"end":{"line":13,"column":5}},"3":{"start":{"line":11,"column":8},"end":{"line":11,"column":42}},"4":{"start":{"line":12,"column":8},"end":{"line":12,"column":43}},"5":{"start":{"line":15,"column":4},"end":{"line":55,"column":5}}},"fnMap":{"0":{"name":"(anonymous_0)","decl":{"start":{"line":6,"column":28},"end":{"line":6,"column":29}},"loc":{"start":{"line":6,"column":34},"end":{"line":57,"column":1}},"line":6},"1":{"name":"(anonymous_1)","decl":{"start":{"line":10,"column":24},"end":{"line":10,"column":25}},"loc":{"start":{"line":10,"column":30},"end":{"line":13,"column":5}},"line":10}},"branchMap":{"0":{"loc":{"start":{"line":24,"column":20},"end":{"line":28,"column":36}},"type":"cond-expr","locations":[{"start":{"line":25,"column":24},"end":{"line":28,"column":31}},{"start":{"line":28,"column":34},"end":{"line":28,"column":36}}],"line":24}},"s":{"0":2,"1":0,"2":0,"3":0,"4":0,"5":0},"f":{"0":0,"1":0},"b":{"0":[0,0]},"_coverageSchema":"1a1c01bbd47fc00a2c39e90264f33305004495a9","hash":"0f3df5158f8a88d0a520e2b2665b5e7833e11f04"}
,"C:\\Users\\Brandon Pyle\\Documents\\GitHub\\sweng-861-week-5-software-testing\\frontend\\src\\pages\\404.jsx": {"path":"C:\\Users\\Brandon Pyle\\Documents\\GitHub\\sweng-861-week-5-software-testing\\frontend\\src\\pages\\404.jsx","statementMap":{"0":{"start":{"line":7,"column":21},"end":{"line":24,"column":1}},"1":{"start":{"line":9,"column":20},"end":{"line":9,"column":44}},"2":{"start":{"line":11,"column":4},"end":{"line":23,"column":5}}},"fnMap":{"0":{"name":"(anonymous_0)","decl":{"start":{"line":7,"column":21},"end":{"line":7,"column":22}},"loc":{"start":{"line":7,"column":27},"end":{"line":24,"column":1}},"line":7}},"branchMap":{"0":{"loc":{"start":{"line":18,"column":26},"end":{"line":18,"column":73}},"type":"cond-expr","locations":[{"start":{"line":18,"column":45},"end":{"line":18,"column":57}},{"start":{"line":18,"column":60},"end":{"line":18,"column":73}}],"line":18}},"s":{"0":2,"1":0,"2":0},"f":{"0":0},"b":{"0":[0,0]},"_coverageSchema":"1a1c01bbd47fc00a2c39e90264f33305004495a9","hash":"99760348eca013ddfeb26b0f810f5448c8134f28"}
,"C:\\Users\\Brandon Pyle\\Documents\\GitHub\\sweng-861-week-5-software-testing\\frontend\\src\\pages\\change-password.jsx": {"path":"C:\\Users\\Brandon Pyle\\Documents\\GitHub\\sweng-861-week-5-software-testing\\frontend\\src\\pages\\change-password.jsx","statementMap":{"0":{"start":{"line":9,"column":23},"end":{"line":79,"column":1}},"1":{"start":{"line":11,"column":41},"end":{"line":11,"column":64}},"2":{"start":{"line":13,"column":29},"end":{"line":13,"column":37}},"3":{"start":{"line":15,"column":24},"end":{"line":15,"column":65}},"4":{"start":{"line":17,"column":21},"end":{"line":17,"column":44}},"5":{"start":{"line":19,"column":25},"end":{"line":60,"column":5}},"6":{"start":{"line":20,"column":8},"end":{"line":20,"column":27}},"7":{"start":{"line":22,"column":19},"end":{"line":22,"column":59}},"8":{"start":{"line":23,"column":23},"end":{"line":23,"column":25}},"9":{"start":{"line":25,"column":8},"end":{"line":27,"column":9}},"10":{"start":{"line":26,"column":12},"end":{"line":26,"column":33}},"11":{"start":{"line":29,"column":47},"end":{"line":29,"column":55}},"12":{"start":{"line":31,"column":8},"end":{"line":33,"column":9}},"13":{"start":{"line":32,"column":12},"end":{"line":32,"column":63}},"14":{"start":{"line":35,"column":8},"end":{"line":37,"column":9}},"15":{"start":{"line":36,"column":12},"end":{"line":36,"column":135}},"16":{"start":{"line":39,"column":8},"end":{"line":39,"column":48}},"17":{"start":{"line":41,"column":27},"end":{"line":41,"column":56}},"18":{"start":{"line":43,"column":8},"end":{"line":57,"column":14}},"19":{"start":{"line":49,"column":16},"end":{"line":49,"column":44}},"20":{"start":{"line":50,"column":16},"end":{"line":50,"column":53}},"21":{"start":{"line":51,"column":16},"end":{"line":51,"column":56}},"22":{"start":{"line":54,"column":16},"end":{"line":54,"column":44}},"23":{"start":{"line":55,"column":16},"end":{"line":55,"column":53}},"24":{"start":{"line":56,"column":16},"end":{"line":56,"column":55}},"25":{"start":{"line":62,"column":4},"end":{"line":78,"column":5}}},"fnMap":{"0":{"name":"(anonymous_0)","decl":{"start":{"line":9,"column":23},"end":{"line":9,"column":24}},"loc":{"start":{"line":9,"column":29},"end":{"line":79,"column":1}},"line":9},"1":{"name":"(anonymous_1)","decl":{"start":{"line":19,"column":25},"end":{"line":19,"column":26}},"loc":{"start":{"line":19,"column":32},"end":{"line":60,"column":5}},"line":19},"2":{"name":"(anonymous_2)","decl":{"start":{"line":48,"column":18},"end":{"line":48,"column":19}},"loc":{"start":{"line":48,"column":24},"end":{"line":52,"column":13}},"line":48},"3":{"name":"(anonymous_3)","decl":{"start":{"line":53,"column":19},"end":{"line":53,"column":20}},"loc":{"start":{"line":53,"column":37},"end":{"line":57,"column":13}},"line":53}},"branchMap":{"0":{"loc":{"start":{"line":31,"column":8},"end":{"line":33,"column":9}},"type":"if","locations":[{"start":{"line":31,"column":8},"end":{"line":33,"column":9}},{"start":{},"end":{}}],"line":31},"1":{"loc":{"start":{"line":31,"column":12},"end":{"line":31,"column":58}},"type":"binary-expr","locations":[{"start":{"line":31,"column":12},"end":{"line":31,"column":35}},{"start":{"line":31,"column":39},"end":{"line":31,"column":58}}],"line":31},"2":{"loc":{"start":{"line":35,"column":8},"end":{"line":37,"column":9}},"type":"if","locations":[{"start":{"line":35,"column":8},"end":{"line":37,"column":9}},{"start":{},"end":{}}],"line":35},"3":{"loc":{"start":{"line":35,"column":12},"end":{"line":35,"column":84}},"type":"binary-expr","locations":[{"start":{"line":35,"column":12},"end":{"line":35,"column":48}},{"start":{"line":35,"column":52},"end":{"line":35,"column":84}}],"line":35}},"s":{"0":2,"1":0,"2":0,"3":0,"4":0,"5":0,"6":0,"7":0,"8":0,"9":0,"10":0,"11":0,"12":0,"13":0,"14":0,"15":0,"16":0,"17":0,"18":0,"19":0,"20":0,"21":0,"22":0,"23":0,"24":0,"25":0},"f":{"0":0,"1":0,"2":0,"3":0},"b":{"0":[0,0],"1":[0,0],"2":[0,0],"3":[0,0]},"_coverageSchema":"1a1c01bbd47fc00a2c39e90264f33305004495a9","hash":"90c434caaabbac483615e3c37d17d3fb2ec8e0f5"}
,"C:\\Users\\Brandon Pyle\\Documents\\GitHub\\sweng-861-week-5-software-testing\\frontend\\src\\pages\\data-deletion.jsx": {"path":"C:\\Users\\Brandon Pyle\\Documents\\GitHub\\sweng-861-week-5-software-testing\\frontend\\src\\pages\\data-deletion.jsx","statementMap":{"0":{"start":{"line":7,"column":21},"end":{"line":24,"column":1}},"1":{"start":{"line":9,"column":20},"end":{"line":9,"column":44}},"2":{"start":{"line":11,"column":4},"end":{"line":23,"column":5}}},"fnMap":{"0":{"name":"(anonymous_0)","decl":{"start":{"line":7,"column":21},"end":{"line":7,"column":22}},"loc":{"start":{"line":7,"column":27},"end":{"line":24,"column":1}},"line":7}},"branchMap":{"0":{"loc":{"start":{"line":18,"column":26},"end":{"line":18,"column":73}},"type":"cond-expr","locations":[{"start":{"line":18,"column":45},"end":{"line":18,"column":57}},{"start":{"line":18,"column":60},"end":{"line":18,"column":73}}],"line":18}},"s":{"0":2,"1":0,"2":0},"f":{"0":0},"b":{"0":[0,0]},"_coverageSchema":"1a1c01bbd47fc00a2c39e90264f33305004495a9","hash":"d3ad3d5e26f2d7b42ce3343f8283c48ba528ea1c"}
,"C:\\Users\\Brandon Pyle\\Documents\\GitHub\\sweng-861-week-5-software-testing\\frontend\\src\\pages\\edit-profile.jsx": {"path":"C:\\Users\\Brandon Pyle\\Documents\\GitHub\\sweng-861-week-5-software-testing\\frontend\\src\\pages\\edit-profile.jsx","statementMap":{"0":{"start":{"line":12,"column":20},"end":{"line":294,"column":1}},"1":{"start":{"line":14,"column":21},"end":{"line":14,"column":34}},"2":{"start":{"line":16,"column":64},"end":{"line":16,"column":87}},"3":{"start":{"line":18,"column":19},"end":{"line":18,"column":22}},"4":{"start":{"line":20,"column":24},"end":{"line":20,"column":32}},"5":{"start":{"line":21,"column":26},"end":{"line":21,"column":34}},"6":{"start":{"line":23,"column":34},"end":{"line":23,"column":64}},"7":{"start":{"line":24,"column":34},"end":{"line":24,"column":48}},"8":{"start":{"line":25,"column":47},"end":{"line":25,"column":65}},"9":{"start":{"line":26,"column":54},"end":{"line":26,"column":68}},"10":{"start":{"line":28,"column":24},"end":{"line":28,"column":64}},"11":{"start":{"line":29,"column":109},"end":{"line":29,"column":120}},"12":{"start":{"line":31,"column":21},"end":{"line":31,"column":44}},"13":{"start":{"line":33,"column":4},"end":{"line":46,"column":22}},"14":{"start":{"line":35,"column":8},"end":{"line":44,"column":9}},"15":{"start":{"line":36,"column":12},"end":{"line":43,"column":18}},"16":{"start":{"line":38,"column":20},"end":{"line":38,"column":37}},"17":{"start":{"line":39,"column":20},"end":{"line":39,"column":38}},"18":{"start":{"line":42,"column":20},"end":{"line":42,"column":37}},"19":{"start":{"line":48,"column":34},"end":{"line":50,"column":5}},"20":{"start":{"line":49,"column":8},"end":{"line":49,"column":58}},"21":{"start":{"line":52,"column":31},"end":{"line":59,"column":5}},"22":{"start":{"line":54,"column":18},"end":{"line":54,"column":35}},"23":{"start":{"line":56,"column":8},"end":{"line":56,"column":61}},"24":{"start":{"line":58,"column":8},"end":{"line":58,"column":34}},"25":{"start":{"line":61,"column":30},"end":{"line":106,"column":5}},"26":{"start":{"line":62,"column":8},"end":{"line":62,"column":27}},"27":{"start":{"line":64,"column":24},"end":{"line":64,"column":39}},"28":{"start":{"line":66,"column":8},"end":{"line":105,"column":9}},"29":{"start":{"line":67,"column":12},"end":{"line":67,"column":42}},"30":{"start":{"line":68,"column":12},"end":{"line":68,"column":50}},"31":{"start":{"line":70,"column":31},"end":{"line":70,"column":60}},"32":{"start":{"line":72,"column":12},"end":{"line":75,"column":13}},"33":{"start":{"line":73,"column":16},"end":{"line":73,"column":31}},"34":{"start":{"line":74,"column":16},"end":{"line":74,"column":91}},"35":{"start":{"line":77,"column":12},"end":{"line":77,"column":52}},"36":{"start":{"line":79,"column":29},"end":{"line":79,"column":43}},"37":{"start":{"line":80,"column":12},"end":{"line":80,"column":62}},"38":{"start":{"line":82,"column":12},"end":{"line":104,"column":19}},"39":{"start":{"line":89,"column":38},"end":{"line":89,"column":84}},"40":{"start":{"line":91,"column":20},"end":{"line":91,"column":80}},"41":{"start":{"line":92,"column":20},"end":{"line":92,"column":45}},"42":{"start":{"line":94,"column":20},"end":{"line":94,"column":47}},"43":{"start":{"line":96,"column":20},"end":{"line":96,"column":48}},"44":{"start":{"line":97,"column":20},"end":{"line":97,"column":57}},"45":{"start":{"line":98,"column":20},"end":{"line":98,"column":49}},"46":{"start":{"line":101,"column":20},"end":{"line":101,"column":48}},"47":{"start":{"line":102,"column":20},"end":{"line":102,"column":57}},"48":{"start":{"line":103,"column":20},"end":{"line":103,"column":74}},"49":{"start":{"line":108,"column":25},"end":{"line":178,"column":5}},"50":{"start":{"line":109,"column":8},"end":{"line":109,"column":27}},"51":{"start":{"line":111,"column":19},"end":{"line":111,"column":56}},"52":{"start":{"line":112,"column":23},"end":{"line":112,"column":25}},"53":{"start":{"line":114,"column":8},"end":{"line":116,"column":9}},"54":{"start":{"line":115,"column":12},"end":{"line":115,"column":34}},"55":{"start":{"line":118,"column":8},"end":{"line":120,"column":9}},"56":{"start":{"line":119,"column":12},"end":{"line":119,"column":79}},"57":{"start":{"line":121,"column":8},"end":{"line":123,"column":9}},"58":{"start":{"line":122,"column":12},"end":{"line":122,"column":84}},"59":{"start":{"line":125,"column":27},"end":{"line":136,"column":9}},"60":{"start":{"line":138,"column":8},"end":{"line":138,"column":49}},"61":{"start":{"line":140,"column":27},"end":{"line":140,"column":55}},"62":{"start":{"line":141,"column":8},"end":{"line":141,"column":48}},"63":{"start":{"line":143,"column":8},"end":{"line":176,"column":11}},"64":{"start":{"line":151,"column":12},"end":{"line":151,"column":62}},"65":{"start":{"line":153,"column":27},"end":{"line":153,"column":43}},"66":{"start":{"line":155,"column":12},"end":{"line":164,"column":13}},"67":{"start":{"line":156,"column":34},"end":{"line":161,"column":17}},"68":{"start":{"line":162,"column":16},"end":{"line":162,"column":76}},"69":{"start":{"line":163,"column":16},"end":{"line":163,"column":41}},"70":{"start":{"line":166,"column":12},"end":{"line":166,"column":40}},"71":{"start":{"line":167,"column":12},"end":{"line":167,"column":49}},"72":{"start":{"line":168,"column":12},"end":{"line":168,"column":44}},"73":{"start":{"line":172,"column":12},"end":{"line":172,"column":50}},"74":{"start":{"line":173,"column":12},"end":{"line":173,"column":40}},"75":{"start":{"line":174,"column":12},"end":{"line":174,"column":49}},"76":{"start":{"line":175,"column":12},"end":{"line":175,"column":83}},"77":{"start":{"line":180,"column":32},"end":{"line":218,"column":5}},"78":{"start":{"line":181,"column":8},"end":{"line":181,"column":27}},"79":{"start":{"line":184,"column":8},"end":{"line":186,"column":9}},"80":{"start":{"line":185,"column":12},"end":{"line":185,"column":19}},"81":{"start":{"line":188,"column":8},"end":{"line":217,"column":9}},"82":{"start":{"line":189,"column":33},"end":{"line":189,"column":69}},"83":{"start":{"line":191,"column":29},"end":{"line":195,"column":14}},"84":{"start":{"line":197,"column":12},"end":{"line":213,"column":13}},"85":{"start":{"line":199,"column":16},"end":{"line":199,"column":50}},"86":{"start":{"line":200,"column":16},"end":{"line":200,"column":52}},"87":{"start":{"line":203,"column":16},"end":{"line":203,"column":52}},"88":{"start":{"line":205,"column":16},"end":{"line":205,"column":44}},"89":{"start":{"line":206,"column":16},"end":{"line":206,"column":62}},"90":{"start":{"line":209,"column":16},"end":{"line":209,"column":36}},"91":{"start":{"line":211,"column":16},"end":{"line":211,"column":44}},"92":{"start":{"line":212,"column":16},"end":{"line":212,"column":82}},"93":{"start":{"line":215,"column":12},"end":{"line":215,"column":60}},"94":{"start":{"line":216,"column":12},"end":{"line":216,"column":118}},"95":{"start":{"line":220,"column":4},"end":{"line":293,"column":5}},"96":{"start":{"line":272,"column":55},"end":{"line":272,"column":72}},"97":{"start":{"line":274,"column":44},"end":{"line":274,"column":201}}},"fnMap":{"0":{"name":"(anonymous_0)","decl":{"start":{"line":12,"column":20},"end":{"line":12,"column":21}},"loc":{"start":{"line":12,"column":26},"end":{"line":294,"column":1}},"line":12},"1":{"name":"(anonymous_1)","decl":{"start":{"line":33,"column":14},"end":{"line":33,"column":15}},"loc":{"start":{"line":33,"column":20},"end":{"line":46,"column":5}},"line":33},"2":{"name":"(anonymous_2)","decl":{"start":{"line":37,"column":22},"end":{"line":37,"column":23}},"loc":{"start":{"line":37,"column":36},"end":{"line":40,"column":17}},"line":37},"3":{"name":"(anonymous_3)","decl":{"start":{"line":41,"column":23},"end":{"line":41,"column":24}},"loc":{"start":{"line":41,"column":30},"end":{"line":43,"column":17}},"line":41},"4":{"name":"(anonymous_4)","decl":{"start":{"line":48,"column":34},"end":{"line":48,"column":35}},"loc":{"start":{"line":48,"column":41},"end":{"line":50,"column":5}},"line":48},"5":{"name":"(anonymous_5)","decl":{"start":{"line":52,"column":31},"end":{"line":52,"column":32}},"loc":{"start":{"line":52,"column":38},"end":{"line":59,"column":5}},"line":52},"6":{"name":"(anonymous_6)","decl":{"start":{"line":61,"column":30},"end":{"line":61,"column":31}},"loc":{"start":{"line":61,"column":37},"end":{"line":106,"column":5}},"line":61},"7":{"name":"(anonymous_7)","decl":{"start":{"line":88,"column":22},"end":{"line":88,"column":23}},"loc":{"start":{"line":88,"column":36},"end":{"line":99,"column":17}},"line":88},"8":{"name":"(anonymous_8)","decl":{"start":{"line":100,"column":23},"end":{"line":100,"column":24}},"loc":{"start":{"line":100,"column":41},"end":{"line":104,"column":17}},"line":100},"9":{"name":"(anonymous_9)","decl":{"start":{"line":108,"column":25},"end":{"line":108,"column":26}},"loc":{"start":{"line":108,"column":32},"end":{"line":178,"column":5}},"line":108},"10":{"name":"(anonymous_10)","decl":{"start":{"line":150,"column":14},"end":{"line":150,"column":15}},"loc":{"start":{"line":150,"column":28},"end":{"line":170,"column":9}},"line":150},"11":{"name":"(anonymous_11)","decl":{"start":{"line":171,"column":15},"end":{"line":171,"column":16}},"loc":{"start":{"line":171,"column":26},"end":{"line":176,"column":9}},"line":171},"12":{"name":"(anonymous_12)","decl":{"start":{"line":180,"column":32},"end":{"line":180,"column":33}},"loc":{"start":{"line":180,"column":45},"end":{"line":218,"column":5}},"line":180},"13":{"name":"(anonymous_13)","decl":{"start":{"line":270,"column":70},"end":{"line":270,"column":71}},"loc":{"start":{"line":270,"column":82},"end":{"line":276,"column":41}},"line":270}},"branchMap":{"0":{"loc":{"start":{"line":28,"column":24},"end":{"line":28,"column":64}},"type":"cond-expr","locations":[{"start":{"line":28,"column":34},"end":{"line":28,"column":41}},{"start":{"line":28,"column":44},"end":{"line":28,"column":64}}],"line":28},"1":{"loc":{"start":{"line":35,"column":8},"end":{"line":44,"column":9}},"type":"if","locations":[{"start":{"line":35,"column":8},"end":{"line":44,"column":9}},{"start":{},"end":{}}],"line":35},"2":{"loc":{"start":{"line":66,"column":8},"end":{"line":105,"column":9}},"type":"if","locations":[{"start":{"line":66,"column":8},"end":{"line":105,"column":9}},{"start":{},"end":{}}],"line":66},"3":{"loc":{"start":{"line":72,"column":12},"end":{"line":75,"column":13}},"type":"if","locations":[{"start":{"line":72,"column":12},"end":{"line":75,"column":13}},{"start":{},"end":{}}],"line":72},"4":{"loc":{"start":{"line":103,"column":32},"end":{"line":103,"column":72}},"type":"binary-expr","locations":[{"start":{"line":103,"column":32},"end":{"line":103,"column":53}},{"start":{"line":103,"column":57},"end":{"line":103,"column":72}}],"line":103},"5":{"loc":{"start":{"line":118,"column":8},"end":{"line":120,"column":9}},"type":"if","locations":[{"start":{"line":118,"column":8},"end":{"line":120,"column":9}},{"start":{},"end":{}}],"line":118},"6":{"loc":{"start":{"line":121,"column":8},"end":{"line":123,"column":9}},"type":"if","locations":[{"start":{"line":121,"column":8},"end":{"line":123,"column":9}},{"start":{},"end":{}}],"line":121},"7":{"loc":{"start":{"line":155,"column":12},"end":{"line":164,"column":13}},"type":"if","locations":[{"start":{"line":155,"column":12},"end":{"line":164,"column":13}},{"start":{},"end":{}}],"line":155},"8":{"loc":{"start":{"line":175,"column":24},"end":{"line":175,"column":81}},"type":"binary-expr","locations":[{"start":{"line":175,"column":24},"end":{"line":175,"column":51}},{"start":{"line":175,"column":55},"end":{"line":175,"column":81}}],"line":175},"9":{"loc":{"start":{"line":184,"column":8},"end":{"line":186,"column":9}},"type":"if","locations":[{"start":{"line":184,"column":8},"end":{"line":186,"column":9}},{"start":{},"end":{}}],"line":184},"10":{"loc":{"start":{"line":197,"column":12},"end":{"line":213,"column":13}},"type":"if","locations":[{"start":{"line":197,"column":12},"end":{"line":213,"column":13}},{"start":{"line":210,"column":19},"end":{"line":213,"column":13}}],"line":197},"11":{"loc":{"start":{"line":216,"column":24},"end":{"line":216,"column":116}},"type":"binary-expr","locations":[{"start":{"line":216,"column":24},"end":{"line":216,"column":51}},{"start":{"line":216,"column":55},"end":{"line":216,"column":116}}],"line":216},"12":{"loc":{"start":{"line":223,"column":16},"end":{"line":290,"column":27}},"type":"cond-expr","locations":[{"start":{"line":223,"column":26},"end":{"line":223,"column":36}},{"start":{"line":224,"column":20},"end":{"line":290,"column":27}}],"line":223},"13":{"loc":{"start":{"line":274,"column":143},"end":{"line":274,"column":196}},"type":"cond-expr","locations":[{"start":{"line":274,"column":162},"end":{"line":274,"column":180}},{"start":{"line":274,"column":183},"end":{"line":274,"column":196}}],"line":274}},"s":{"0":2,"1":25,"2":24,"3":24,"4":24,"5":24,"6":24,"7":24,"8":24,"9":24,"10":24,"11":24,"12":24,"13":0,"14":0,"15":0,"16":0,"17":0,"18":0,"19":0,"20":0,"21":0,"22":0,"23":0,"24":0,"25":0,"26":0,"27":0,"28":0,"29":0,"30":0,"31":0,"32":0,"33":0,"34":0,"35":0,"36":0,"37":0,"38":0,"39":0,"40":0,"41":0,"42":0,"43":0,"44":0,"45":0,"46":0,"47":0,"48":0,"49":0,"50":0,"51":0,"52":0,"53":0,"54":0,"55":0,"56":0,"57":0,"58":0,"59":0,"60":0,"61":0,"62":0,"63":0,"64":0,"65":0,"66":0,"67":0,"68":0,"69":0,"70":0,"71":0,"72":0,"73":0,"74":0,"75":0,"76":0,"77":0,"78":0,"79":0,"80":0,"81":0,"82":0,"83":0,"84":0,"85":0,"86":0,"87":0,"88":0,"89":0,"90":0,"91":0,"92":0,"93":0,"94":0,"95":0,"96":0,"97":0},"f":{"0":25,"1":0,"2":0,"3":0,"4":0,"5":0,"6":0,"7":0,"8":0,"9":0,"10":0,"11":0,"12":0,"13":0},"b":{"0":[24,0],"1":[0,0],"2":[0,0],"3":[0,0],"4":[0,0],"5":[0,0],"6":[0,0],"7":[0,0],"8":[0,0],"9":[0,0],"10":[0,0],"11":[0,0],"12":[0,0],"13":[0,0]},"_coverageSchema":"1a1c01bbd47fc00a2c39e90264f33305004495a9","hash":"c1d9c46bbe37218576c275acd09c922e1736c908"}
,"C:\\Users\\Brandon Pyle\\Documents\\GitHub\\sweng-861-week-5-software-testing\\frontend\\src\\pages\\home.jsx": {"path":"C:\\Users\\Brandon Pyle\\Documents\\GitHub\\sweng-861-week-5-software-testing\\frontend\\src\\pages\\home.jsx","statementMap":{"0":{"start":{"line":10,"column":17},"end":{"line":188,"column":1}},"1":{"start":{"line":11,"column":27},"end":{"line":11,"column":41}},"2":{"start":{"line":12,"column":43},"end":{"line":12,"column":57}},"3":{"start":{"line":13,"column":36},"end":{"line":13,"column":52}},"4":{"start":{"line":15,"column":21},"end":{"line":21,"column":5}},"5":{"start":{"line":23,"column":29},"end":{"line":40,"column":5}},"6":{"start":{"line":24,"column":8},"end":{"line":39,"column":15}},"7":{"start":{"line":28,"column":35},"end":{"line":33,"column":18}},"8":{"start":{"line":35,"column":16},"end":{"line":35,"column":38}},"9":{"start":{"line":38,"column":16},"end":{"line":38,"column":33}},"10":{"start":{"line":42,"column":33},"end":{"line":60,"column":5}},"11":{"start":{"line":43,"column":8},"end":{"line":59,"column":15}},"12":{"start":{"line":47,"column":35},"end":{"line":53,"column":18}},"13":{"start":{"line":55,"column":16},"end":{"line":55,"column":38}},"14":{"start":{"line":58,"column":16},"end":{"line":58,"column":33}},"15":{"start":{"line":62,"column":31},"end":{"line":71,"column":5}},"16":{"start":{"line":63,"column":8},"end":{"line":70,"column":15}},"17":{"start":{"line":66,"column":16},"end":{"line":66,"column":44}},"18":{"start":{"line":69,"column":16},"end":{"line":69,"column":33}},"19":{"start":{"line":73,"column":31},"end":{"line":86,"column":5}},"20":{"start":{"line":75,"column":23},"end":{"line":75,"column":55}},"21":{"start":{"line":77,"column":8},"end":{"line":77,"column":22}},"22":{"start":{"line":79,"column":8},"end":{"line":82,"column":9}},"23":{"start":{"line":80,"column":12},"end":{"line":80,"column":33}},"24":{"start":{"line":81,"column":12},"end":{"line":81,"column":19}},"25":{"start":{"line":84,"column":8},"end":{"line":84,"column":31}},"26":{"start":{"line":88,"column":4},"end":{"line":102,"column":20}},"27":{"start":{"line":90,"column":8},"end":{"line":90,"column":37}},"28":{"start":{"line":92,"column":8},"end":{"line":96,"column":9}},"29":{"start":{"line":93,"column":12},"end":{"line":93,"column":42}},"30":{"start":{"line":95,"column":12},"end":{"line":95,"column":45}},"31":{"start":{"line":98,"column":8},"end":{"line":100,"column":9}},"32":{"start":{"line":99,"column":12},"end":{"line":99,"column":33}},"33":{"start":{"line":104,"column":4},"end":{"line":187,"column":6}},"34":{"start":{"line":119,"column":40},"end":{"line":123,"column":42}},"35":{"start":{"line":134,"column":36},"end":{"line":137,"column":38}},"36":{"start":{"line":154,"column":36},"end":{"line":159,"column":38}},"37":{"start":{"line":175,"column":40},"end":{"line":178,"column":42}}},"fnMap":{"0":{"name":"(anonymous_0)","decl":{"start":{"line":10,"column":17},"end":{"line":10,"column":18}},"loc":{"start":{"line":10,"column":23},"end":{"line":188,"column":1}},"line":10},"1":{"name":"(anonymous_1)","decl":{"start":{"line":23,"column":29},"end":{"line":23,"column":30}},"loc":{"start":{"line":23,"column":47},"end":{"line":40,"column":5}},"line":23},"2":{"name":"(anonymous_2)","decl":{"start":{"line":26,"column":18},"end":{"line":26,"column":19}},"loc":{"start":{"line":26,"column":38},"end":{"line":36,"column":13}},"line":26},"3":{"name":"(anonymous_3)","decl":{"start":{"line":37,"column":19},"end":{"line":37,"column":20}},"loc":{"start":{"line":37,"column":28},"end":{"line":39,"column":13}},"line":37},"4":{"name":"(anonymous_4)","decl":{"start":{"line":42,"column":33},"end":{"line":42,"column":34}},"loc":{"start":{"line":42,"column":51},"end":{"line":60,"column":5}},"line":42},"5":{"name":"(anonymous_5)","decl":{"start":{"line":45,"column":18},"end":{"line":45,"column":19}},"loc":{"start":{"line":45,"column":38},"end":{"line":56,"column":13}},"line":45},"6":{"name":"(anonymous_6)","decl":{"start":{"line":57,"column":19},"end":{"line":57,"column":20}},"loc":{"start":{"line":57,"column":28},"end":{"line":59,"column":13}},"line":57},"7":{"name":"(anonymous_7)","decl":{"start":{"line":62,"column":31},"end":{"line":62,"column":32}},"loc":{"start":{"line":62,"column":37},"end":{"line":71,"column":5}},"line":62},"8":{"name":"(anonymous_8)","decl":{"start":{"line":65,"column":18},"end":{"line":65,"column":19}},"loc":{"start":{"line":65,"column":32},"end":{"line":67,"column":13}},"line":65},"9":{"name":"(anonymous_9)","decl":{"start":{"line":68,"column":19},"end":{"line":68,"column":20}},"loc":{"start":{"line":68,"column":28},"end":{"line":70,"column":13}},"line":68},"10":{"name":"(anonymous_10)","decl":{"start":{"line":73,"column":31},"end":{"line":73,"column":32}},"loc":{"start":{"line":73,"column":38},"end":{"line":86,"column":5}},"line":73},"11":{"name":"(anonymous_11)","decl":{"start":{"line":88,"column":14},"end":{"line":88,"column":15}},"loc":{"start":{"line":88,"column":20},"end":{"line":102,"column":5}},"line":88},"12":{"name":"(anonymous_12)","decl":{"start":{"line":118,"column":54},"end":{"line":118,"column":55}},"loc":{"start":{"line":118,"column":67},"end":{"line":124,"column":37}},"line":118},"13":{"name":"(anonymous_13)","decl":{"start":{"line":133,"column":50},"end":{"line":133,"column":51}},"loc":{"start":{"line":133,"column":63},"end":{"line":138,"column":33}},"line":133},"14":{"name":"(anonymous_14)","decl":{"start":{"line":153,"column":48},"end":{"line":153,"column":49}},"loc":{"start":{"line":153,"column":65},"end":{"line":160,"column":33}},"line":153},"15":{"name":"(anonymous_15)","decl":{"start":{"line":174,"column":54},"end":{"line":174,"column":55}},"loc":{"start":{"line":174,"column":67},"end":{"line":179,"column":37}},"line":174}},"branchMap":{"0":{"loc":{"start":{"line":23,"column":32},"end":{"line":23,"column":40}},"type":"default-arg","locations":[{"start":{"line":23,"column":39},"end":{"line":23,"column":40}}],"line":23},"1":{"loc":{"start":{"line":42,"column":36},"end":{"line":42,"column":44}},"type":"default-arg","locations":[{"start":{"line":42,"column":43},"end":{"line":42,"column":44}}],"line":42},"2":{"loc":{"start":{"line":79,"column":8},"end":{"line":82,"column":9}},"type":"if","locations":[{"start":{"line":79,"column":8},"end":{"line":82,"column":9}},{"start":{},"end":{}}],"line":79},"3":{"loc":{"start":{"line":92,"column":8},"end":{"line":96,"column":9}},"type":"if","locations":[{"start":{"line":92,"column":8},"end":{"line":96,"column":9}},{"start":{"line":94,"column":15},"end":{"line":96,"column":9}}],"line":92},"4":{"loc":{"start":{"line":98,"column":8},"end":{"line":100,"column":9}},"type":"if","locations":[{"start":{"line":98,"column":8},"end":{"line":100,"column":9}},{"start":{},"end":{}}],"line":98},"5":{"loc":{"start":{"line":114,"column":29},"end":{"line":126,"column":29}},"type":"cond-expr","locations":[{"start":{"line":115,"column":32},"end":{"line":115,"column":42}},{"start":{"line":117,"column":32},"end":{"line":125,"column":84}}],"line":114},"6":{"loc":{"start":{"line":117,"column":32},"end":{"line":125,"column":84}},"type":"cond-expr","locations":[{"start":{"line":118,"column":36},"end":{"line":124,"column":38}},{"start":{"line":125,"column":38},"end":{"line":125,"column":84}}],"line":117},"7":{"loc":{"start":{"line":129,"column":25},"end":{"line":140,"column":25}},"type":"cond-expr","locations":[{"start":{"line":130,"column":28},"end":{"line":130,"column":38}},{"start":{"line":132,"column":28},"end":{"line":139,"column":79}}],"line":129},"8":{"loc":{"start":{"line":132,"column":28},"end":{"line":139,"column":79}},"type":"cond-expr","locations":[{"start":{"line":133,"column":32},"end":{"line":138,"column":34}},{"start":{"line":139,"column":34},"end":{"line":139,"column":79}}],"line":132},"9":{"loc":{"start":{"line":155,"column":98},"end":{"line":155,"column":151}},"type":"cond-expr","locations":[{"start":{"line":155,"column":122},"end":{"line":155,"column":145}},{"start":{"line":155,"column":148},"end":{"line":155,"column":151}}],"line":155},"10":{"loc":{"start":{"line":170,"column":29},"end":{"line":181,"column":29}},"type":"cond-expr","locations":[{"start":{"line":171,"column":32},"end":{"line":171,"column":42}},{"start":{"line":173,"column":32},"end":{"line":180,"column":83}}],"line":170},"11":{"loc":{"start":{"line":173,"column":32},"end":{"line":180,"column":83}},"type":"cond-expr","locations":[{"start":{"line":174,"column":36},"end":{"line":179,"column":38}},{"start":{"line":180,"column":38},"end":{"line":180,"column":83}}],"line":173}},"s":{"0":2,"1":0,"2":0,"3":0,"4":0,"5":0,"6":0,"7":0,"8":0,"9":0,"10":0,"11":0,"12":0,"13":0,"14":0,"15":0,"16":0,"17":0,"18":0,"19":0,"20":0,"21":0,"22":0,"23":0,"24":0,"25":0,"26":0,"27":0,"28":0,"29":0,"30":0,"31":0,"32":0,"33":0,"34":0,"35":0,"36":0,"37":0},"f":{"0":0,"1":0,"2":0,"3":0,"4":0,"5":0,"6":0,"7":0,"8":0,"9":0,"10":0,"11":0,"12":0,"13":0,"14":0,"15":0},"b":{"0":[0],"1":[0],"2":[0,0],"3":[0,0],"4":[0,0],"5":[0,0],"6":[0,0],"7":[0,0],"8":[0,0],"9":[0,0],"10":[0,0],"11":[0,0]},"_coverageSchema":"1a1c01bbd47fc00a2c39e90264f33305004495a9","hash":"2867c3f06eb1ff4a0c2ec3777ee9e97e376b32ca"}
,"C:\\Users\\Brandon Pyle\\Documents\\GitHub\\sweng-861-week-5-software-testing\\frontend\\src\\pages\\privacy-policy.jsx": {"path":"C:\\Users\\Brandon Pyle\\Documents\\GitHub\\sweng-861-week-5-software-testing\\frontend\\src\\pages\\privacy-policy.jsx","statementMap":{"0":{"start":{"line":7,"column":22},"end":{"line":24,"column":1}},"1":{"start":{"line":9,"column":20},"end":{"line":9,"column":44}},"2":{"start":{"line":11,"column":4},"end":{"line":23,"column":5}}},"fnMap":{"0":{"name":"(anonymous_0)","decl":{"start":{"line":7,"column":22},"end":{"line":7,"column":23}},"loc":{"start":{"line":7,"column":28},"end":{"line":24,"column":1}},"line":7}},"branchMap":{"0":{"loc":{"start":{"line":18,"column":26},"end":{"line":18,"column":73}},"type":"cond-expr","locations":[{"start":{"line":18,"column":45},"end":{"line":18,"column":57}},{"start":{"line":18,"column":60},"end":{"line":18,"column":73}}],"line":18}},"s":{"0":2,"1":0,"2":0},"f":{"0":0},"b":{"0":[0,0]},"_coverageSchema":"1a1c01bbd47fc00a2c39e90264f33305004495a9","hash":"7a8a40d094695e644380b229798efe007367fc97"}
,"C:\\Users\\Brandon Pyle\\Documents\\GitHub\\sweng-861-week-5-software-testing\\frontend\\src\\pages\\profile.jsx": {"path":"C:\\Users\\Brandon Pyle\\Documents\\GitHub\\sweng-861-week-5-software-testing\\frontend\\src\\pages\\profile.jsx","statementMap":{"0":{"start":{"line":13,"column":36},"end":{"line":26,"column":1}},"1":{"start":{"line":28,"column":20},"end":{"line":169,"column":1}},"2":{"start":{"line":30,"column":28},"end":{"line":30,"column":39}},"3":{"start":{"line":32,"column":32},"end":{"line":32,"column":62}},"4":{"start":{"line":33,"column":32},"end":{"line":33,"column":46}},"5":{"start":{"line":34,"column":28},"end":{"line":34,"column":42}},"6":{"start":{"line":35,"column":44},"end":{"line":35,"column":56}},"7":{"start":{"line":37,"column":156},"end":{"line":37,"column":163}},"8":{"start":{"line":39,"column":37},"end":{"line":39,"column":60}},"9":{"start":{"line":41,"column":29},"end":{"line":55,"column":5}},"10":{"start":{"line":42,"column":8},"end":{"line":54,"column":14}},"11":{"start":{"line":44,"column":16},"end":{"line":46,"column":17}},"12":{"start":{"line":45,"column":20},"end":{"line":45,"column":37}},"13":{"start":{"line":47,"column":16},"end":{"line":47,"column":43}},"14":{"start":{"line":48,"column":16},"end":{"line":48,"column":47}},"15":{"start":{"line":49,"column":16},"end":{"line":49,"column":34}},"16":{"start":{"line":52,"column":16},"end":{"line":52,"column":33}},"17":{"start":{"line":53,"column":16},"end":{"line":53,"column":34}},"18":{"start":{"line":57,"column":21},"end":{"line":80,"column":5}},"19":{"start":{"line":59,"column":8},"end":{"line":59,"column":65}},"20":{"start":{"line":61,"column":8},"end":{"line":78,"column":14}},"21":{"start":{"line":67,"column":35},"end":{"line":73,"column":18}},"22":{"start":{"line":75,"column":16},"end":{"line":75,"column":47}},"23":{"start":{"line":76,"column":16},"end":{"line":76,"column":39}},"24":{"start":{"line":82,"column":4},"end":{"line":93,"column":26}},"25":{"start":{"line":84,"column":8},"end":{"line":86,"column":9}},"26":{"start":{"line":85,"column":12},"end":{"line":85,"column":27}},"27":{"start":{"line":88,"column":8},"end":{"line":91,"column":9}},"28":{"start":{"line":89,"column":12},"end":{"line":89,"column":26}},"29":{"start":{"line":90,"column":12},"end":{"line":90,"column":31}},"30":{"start":{"line":95,"column":24},"end":{"line":99,"column":5}},"31":{"start":{"line":96,"column":8},"end":{"line":96,"column":41}},"32":{"start":{"line":97,"column":8},"end":{"line":97,"column":25}},"33":{"start":{"line":98,"column":8},"end":{"line":98,"column":29}},"34":{"start":{"line":101,"column":4},"end":{"line":168,"column":5}},"35":{"start":{"line":142,"column":52},"end":{"line":151,"column":54}}},"fnMap":{"0":{"name":"(anonymous_0)","decl":{"start":{"line":28,"column":20},"end":{"line":28,"column":21}},"loc":{"start":{"line":28,"column":26},"end":{"line":169,"column":1}},"line":28},"1":{"name":"(anonymous_1)","decl":{"start":{"line":41,"column":29},"end":{"line":41,"column":30}},"loc":{"start":{"line":41,"column":35},"end":{"line":55,"column":5}},"line":41},"2":{"name":"(anonymous_2)","decl":{"start":{"line":43,"column":18},"end":{"line":43,"column":19}},"loc":{"start":{"line":43,"column":38},"end":{"line":50,"column":13}},"line":43},"3":{"name":"(anonymous_3)","decl":{"start":{"line":51,"column":19},"end":{"line":51,"column":20}},"loc":{"start":{"line":51,"column":26},"end":{"line":54,"column":13}},"line":51},"4":{"name":"(anonymous_4)","decl":{"start":{"line":57,"column":21},"end":{"line":57,"column":22}},"loc":{"start":{"line":57,"column":48},"end":{"line":80,"column":5}},"line":57},"5":{"name":"(anonymous_5)","decl":{"start":{"line":65,"column":18},"end":{"line":65,"column":19}},"loc":{"start":{"line":65,"column":38},"end":{"line":78,"column":13}},"line":65},"6":{"name":"(anonymous_6)","decl":{"start":{"line":82,"column":14},"end":{"line":82,"column":15}},"loc":{"start":{"line":82,"column":20},"end":{"line":93,"column":5}},"line":82},"7":{"name":"(anonymous_7)","decl":{"start":{"line":95,"column":24},"end":{"line":95,"column":25}},"loc":{"start":{"line":95,"column":30},"end":{"line":99,"column":5}},"line":95},"8":{"name":"(anonymous_8)","decl":{"start":{"line":141,"column":66},"end":{"line":141,"column":67}},"loc":{"start":{"line":141,"column":79},"end":{"line":152,"column":49}},"line":141}},"branchMap":{"0":{"loc":{"start":{"line":44,"column":16},"end":{"line":46,"column":17}},"type":"if","locations":[{"start":{"line":44,"column":16},"end":{"line":46,"column":17}},{"start":{},"end":{}}],"line":44},"1":{"loc":{"start":{"line":57,"column":24},"end":{"line":57,"column":32}},"type":"default-arg","locations":[{"start":{"line":57,"column":31},"end":{"line":57,"column":32}}],"line":57},"2":{"loc":{"start":{"line":59,"column":18},"end":{"line":59,"column":64}},"type":"cond-expr","locations":[{"start":{"line":59,"column":41},"end":{"line":59,"column":54}},{"start":{"line":59,"column":57},"end":{"line":59,"column":64}}],"line":59},"3":{"loc":{"start":{"line":84,"column":8},"end":{"line":86,"column":9}},"type":"if","locations":[{"start":{"line":84,"column":8},"end":{"line":86,"column":9}},{"start":{},"end":{}}],"line":84},"4":{"loc":{"start":{"line":88,"column":8},"end":{"line":91,"column":9}},"type":"if","locations":[{"start":{"line":88,"column":8},"end":{"line":91,"column":9}},{"start":{},"end":{}}],"line":88},"5":{"loc":{"start":{"line":105,"column":16},"end":{"line":164,"column":42}},"type":"cond-expr","locations":[{"start":{"line":105,"column":26},"end":{"line":105,"column":36}},{"start":{"line":106,"column":20},"end":{"line":164,"column":42}}],"line":105},"6":{"loc":{"start":{"line":106,"column":20},"end":{"line":164,"column":42}},"type":"cond-expr","locations":[{"start":{"line":107,"column":24},"end":{"line":163,"column":34}},{"start":{"line":164,"column":26},"end":{"line":164,"column":42}}],"line":106},"7":{"loc":{"start":{"line":120,"column":40},"end":{"line":122,"column":49}},"type":"cond-expr","locations":[{"start":{"line":121,"column":44},"end":{"line":121,"column":130}},{"start":{"line":122,"column":46},"end":{"line":122,"column":49}}],"line":120},"8":{"loc":{"start":{"line":137,"column":41},"end":{"line":154,"column":41}},"type":"cond-expr","locations":[{"start":{"line":138,"column":44},"end":{"line":138,"column":54}},{"start":{"line":140,"column":44},"end":{"line":153,"column":96}}],"line":137},"9":{"loc":{"start":{"line":140,"column":44},"end":{"line":153,"column":96}},"type":"cond-expr","locations":[{"start":{"line":141,"column":48},"end":{"line":152,"column":50}},{"start":{"line":153,"column":50},"end":{"line":153,"column":96}}],"line":140}},"s":{"0":2,"1":2,"2":0,"3":0,"4":0,"5":0,"6":0,"7":0,"8":0,"9":0,"10":0,"11":0,"12":0,"13":0,"14":0,"15":0,"16":0,"17":0,"18":0,"19":0,"20":0,"21":0,"22":0,"23":0,"24":0,"25":0,"26":0,"27":0,"28":0,"29":0,"30":0,"31":0,"32":0,"33":0,"34":0,"35":0},"f":{"0":0,"1":0,"2":0,"3":0,"4":0,"5":0,"6":0,"7":0,"8":0},"b":{"0":[0,0],"1":[0],"2":[0,0],"3":[0,0],"4":[0,0],"5":[0,0],"6":[0,0],"7":[0,0],"8":[0,0],"9":[0,0]},"_coverageSchema":"1a1c01bbd47fc00a2c39e90264f33305004495a9","hash":"e54790999b7684cc770f48036f520019eec1bc78"}
,"C:\\Users\\Brandon Pyle\\Documents\\GitHub\\sweng-861-week-5-software-testing\\frontend\\src\\pages\\user-auth-form.jsx": {"path":"C:\\Users\\Brandon Pyle\\Documents\\GitHub\\sweng-861-week-5-software-testing\\frontend\\src\\pages\\user-auth-form.jsx","statementMap":{"0":{"start":{"line":13,"column":21},"end":{"line":198,"column":1}},"1":{"start":{"line":15,"column":54},"end":{"line":15,"column":77}},"2":{"start":{"line":17,"column":34},"end":{"line":29,"column":5}},"3":{"start":{"line":19,"column":8},"end":{"line":27,"column":14}},"4":{"start":{"line":21,"column":16},"end":{"line":21,"column":68}},"5":{"start":{"line":23,"column":16},"end":{"line":23,"column":33}},"6":{"start":{"line":26,"column":16},"end":{"line":26,"column":48}},"7":{"start":{"line":31,"column":25},"end":{"line":66,"column":5}},"8":{"start":{"line":33,"column":8},"end":{"line":33,"column":27}},"9":{"start":{"line":35,"column":26},"end":{"line":35,"column":71}},"10":{"start":{"line":37,"column":25},"end":{"line":37,"column":72}},"11":{"start":{"line":38,"column":28},"end":{"line":38,"column":69}},"12":{"start":{"line":40,"column":19},"end":{"line":40,"column":44}},"13":{"start":{"line":41,"column":23},"end":{"line":41,"column":25}},"14":{"start":{"line":43,"column":8},"end":{"line":45,"column":9}},"15":{"start":{"line":44,"column":12},"end":{"line":44,"column":34}},"16":{"start":{"line":47,"column":44},"end":{"line":47,"column":52}},"17":{"start":{"line":49,"column":8},"end":{"line":53,"column":9}},"18":{"start":{"line":50,"column":12},"end":{"line":52,"column":13}},"19":{"start":{"line":51,"column":16},"end":{"line":51,"column":77}},"20":{"start":{"line":54,"column":8},"end":{"line":56,"column":9}},"21":{"start":{"line":55,"column":12},"end":{"line":55,"column":45}},"22":{"start":{"line":57,"column":8},"end":{"line":59,"column":9}},"23":{"start":{"line":58,"column":12},"end":{"line":58,"column":50}},"24":{"start":{"line":60,"column":8},"end":{"line":62,"column":9}},"25":{"start":{"line":61,"column":12},"end":{"line":61,"column":135}},"26":{"start":{"line":64,"column":8},"end":{"line":64,"column":52}},"27":{"start":{"line":68,"column":29},"end":{"line":90,"column":5}},"28":{"start":{"line":70,"column":8},"end":{"line":70,"column":27}},"29":{"start":{"line":72,"column":8},"end":{"line":72,"column":37}},"30":{"start":{"line":74,"column":8},"end":{"line":88,"column":14}},"31":{"start":{"line":76,"column":30},"end":{"line":76,"column":44}},"32":{"start":{"line":78,"column":27},"end":{"line":80,"column":13}},"33":{"start":{"line":82,"column":12},"end":{"line":82,"column":56}},"34":{"start":{"line":86,"column":16},"end":{"line":86,"column":65}},"35":{"start":{"line":87,"column":16},"end":{"line":87,"column":39}},"36":{"start":{"line":92,"column":31},"end":{"line":112,"column":5}},"37":{"start":{"line":94,"column":8},"end":{"line":94,"column":27}},"38":{"start":{"line":96,"column":8},"end":{"line":110,"column":14}},"39":{"start":{"line":98,"column":30},"end":{"line":98,"column":46}},"40":{"start":{"line":100,"column":27},"end":{"line":102,"column":13}},"41":{"start":{"line":104,"column":12},"end":{"line":104,"column":56}},"42":{"start":{"line":108,"column":16},"end":{"line":108,"column":67}},"43":{"start":{"line":109,"column":16},"end":{"line":109,"column":39}},"44":{"start":{"line":114,"column":4},"end":{"line":197,"column":5}}},"fnMap":{"0":{"name":"(anonymous_0)","decl":{"start":{"line":13,"column":21},"end":{"line":13,"column":22}},"loc":{"start":{"line":13,"column":35},"end":{"line":198,"column":1}},"line":13},"1":{"name":"(anonymous_1)","decl":{"start":{"line":17,"column":34},"end":{"line":17,"column":35}},"loc":{"start":{"line":17,"column":61},"end":{"line":29,"column":5}},"line":17},"2":{"name":"(anonymous_2)","decl":{"start":{"line":20,"column":18},"end":{"line":20,"column":19}},"loc":{"start":{"line":20,"column":32},"end":{"line":24,"column":13}},"line":20},"3":{"name":"(anonymous_3)","decl":{"start":{"line":25,"column":19},"end":{"line":25,"column":20}},"loc":{"start":{"line":25,"column":37},"end":{"line":27,"column":13}},"line":25},"4":{"name":"(anonymous_4)","decl":{"start":{"line":31,"column":25},"end":{"line":31,"column":26}},"loc":{"start":{"line":31,"column":32},"end":{"line":66,"column":5}},"line":31},"5":{"name":"(anonymous_5)","decl":{"start":{"line":68,"column":29},"end":{"line":68,"column":30}},"loc":{"start":{"line":68,"column":36},"end":{"line":90,"column":5}},"line":68},"6":{"name":"(anonymous_6)","decl":{"start":{"line":74,"column":30},"end":{"line":74,"column":31}},"loc":{"start":{"line":74,"column":38},"end":{"line":84,"column":9}},"line":74},"7":{"name":"(anonymous_7)","decl":{"start":{"line":85,"column":19},"end":{"line":85,"column":20}},"loc":{"start":{"line":85,"column":26},"end":{"line":88,"column":13}},"line":85},"8":{"name":"(anonymous_8)","decl":{"start":{"line":92,"column":31},"end":{"line":92,"column":32}},"loc":{"start":{"line":92,"column":38},"end":{"line":112,"column":5}},"line":92},"9":{"name":"(anonymous_9)","decl":{"start":{"line":96,"column":32},"end":{"line":96,"column":33}},"loc":{"start":{"line":96,"column":40},"end":{"line":106,"column":9}},"line":96},"10":{"name":"(anonymous_10)","decl":{"start":{"line":107,"column":19},"end":{"line":107,"column":20}},"loc":{"start":{"line":107,"column":26},"end":{"line":110,"column":13}},"line":107}},"branchMap":{"0":{"loc":{"start":{"line":35,"column":26},"end":{"line":35,"column":71}},"type":"cond-expr","locations":[{"start":{"line":35,"column":46},"end":{"line":35,"column":60}},{"start":{"line":35,"column":63},"end":{"line":35,"column":71}}],"line":35},"1":{"loc":{"start":{"line":49,"column":8},"end":{"line":53,"column":9}},"type":"if","locations":[{"start":{"line":49,"column":8},"end":{"line":53,"column":9}},{"start":{},"end":{}}],"line":49},"2":{"loc":{"start":{"line":50,"column":12},"end":{"line":52,"column":13}},"type":"if","locations":[{"start":{"line":50,"column":12},"end":{"line":52,"column":13}},{"start":{},"end":{}}],"line":50},"3":{"loc":{"start":{"line":54,"column":8},"end":{"line":56,"column":9}},"type":"if","locations":[{"start":{"line":54,"column":8},"end":{"line":56,"column":9}},{"start":{},"end":{}}],"line":54},"4":{"loc":{"start":{"line":57,"column":8},"end":{"line":59,"column":9}},"type":"if","locations":[{"start":{"line":57,"column":8},"end":{"line":59,"column":9}},{"start":{},"end":{}}],"line":57},"5":{"loc":{"start":{"line":60,"column":8},"end":{"line":62,"column":9}},"type":"if","locations":[{"start":{"line":60,"column":8},"end":{"line":62,"column":9}},{"start":{},"end":{}}],"line":60},"6":{"loc":{"start":{"line":115,"column":8},"end":{"line":196,"column":31}},"type":"cond-expr","locations":[{"start":{"line":116,"column":12},"end":{"line":116,"column":31}},{"start":{"line":118,"column":12},"end":{"line":196,"column":31}}],"line":115},"7":{"loc":{"start":{"line":123,"column":29},"end":{"line":123,"column":78}},"type":"cond-expr","locations":[{"start":{"line":123,"column":49},"end":{"line":123,"column":63}},{"start":{"line":123,"column":66},"end":{"line":123,"column":78}}],"line":123},"8":{"loc":{"start":{"line":127,"column":28},"end":{"line":134,"column":36}},"type":"cond-expr","locations":[{"start":{"line":128,"column":32},"end":{"line":133,"column":34}},{"start":{"line":134,"column":34},"end":{"line":134,"column":36}}],"line":127},"9":{"loc":{"start":{"line":177,"column":28},"end":{"line":190,"column":36}},"type":"cond-expr","locations":[{"start":{"line":178,"column":32},"end":{"line":183,"column":36}},{"start":{"line":185,"column":32},"end":{"line":190,"column":36}}],"line":177}},"s":{"0":2,"1":0,"2":0,"3":0,"4":0,"5":0,"6":0,"7":0,"8":0,"9":0,"10":0,"11":0,"12":0,"13":0,"14":0,"15":0,"16":0,"17":0,"18":0,"19":0,"20":0,"21":0,"22":0,"23":0,"24":0,"25":0,"26":0,"27":0,"28":0,"29":0,"30":0,"31":0,"32":0,"33":0,"34":0,"35":0,"36":0,"37":0,"38":0,"39":0,"40":0,"41":0,"42":0,"43":0,"44":0},"f":{"0":0,"1":0,"2":0,"3":0,"4":0,"5":0,"6":0,"7":0,"8":0,"9":0,"10":0},"b":{"0":[0,0],"1":[0,0],"2":[0,0],"3":[0,0],"4":[0,0],"5":[0,0],"6":[0,0],"7":[0,0],"8":[0,0],"9":[0,0]},"_coverageSchema":"1a1c01bbd47fc00a2c39e90264f33305004495a9","hash":"a61f9191345707c32cfea4a854d96df6522072be"}
}
