TN:
SF:src\App.jsx
FN:18,(anonymous_0)
FN:20,(anonymous_1)
FN:24,(anonymous_2)
FN:26,(anonymous_3)
FN:34,(anonymous_4)
FNF:5
FNH:3
FNDA:4,(anonymous_0)
FNDA:5,(anonymous_1)
FNDA:4,(anonymous_2)
FNDA:0,(anonymous_3)
FNDA:0,(anonymous_4)
DA:14,2
DA:16,2
DA:18,4
DA:20,2
DA:22,5
DA:24,4
DA:26,0
DA:28,0
DA:29,0
DA:31,0
DA:33,0
DA:34,0
DA:36,0
DA:38,0
DA:42,0
DA:48,0
LF:16
LH:6
BRDA:24,0,0,0
BRDA:24,0,1,0
BRDA:31,1,0,0
BRDA:31,1,1,0
BRDA:33,2,0,0
BRDA:33,2,1,0
BRF:6
BRH:0
end_of_record
TN:
SF:src\common\date.jsx
FN:4,(anonymous_0)
FN:10,(anonymous_1)
FNF:2
FNH:0
FNDA:0,(anonymous_0)
FNDA:0,(anonymous_1)
DA:1,2
DA:2,2
DA:4,2
DA:5,0
DA:7,0
DA:10,2
DA:11,0
DA:13,0
LF:8
LH:4
BRF:0
BRH:0
end_of_record
TN:
SF:src\common\filter-pagination-data.jsx
FN:3,(anonymous_0)
FN:20,(anonymous_1)
FN:23,(anonymous_2)
FNF:3
FNH:0
FNDA:0,(anonymous_0)
FNDA:0,(anonymous_1)
FNDA:0,(anonymous_2)
DA:3,2
DA:7,0
DA:9,0
DA:10,0
DA:15,0
DA:16,0
DA:19,0
DA:21,0
DA:24,0
DA:29,0
LF:10
LH:1
BRDA:3,0,0,0
BRDA:3,1,0,0
BRDA:3,2,0,0
BRDA:9,3,0,0
BRDA:9,3,1,0
BRDA:15,4,0,0
BRDA:15,4,1,0
BRDA:15,5,0,0
BRDA:15,5,1,0
BRF:9
BRH:0
end_of_record
TN:
SF:src\common\firebase.jsx
FN:19,(anonymous_0)
FN:24,(anonymous_1)
FN:27,(anonymous_2)
FN:38,(anonymous_3)
FN:43,(anonymous_4)
FN:46,(anonymous_5)
FNF:6
FNH:0
FNDA:0,(anonymous_0)
FNDA:0,(anonymous_1)
FNDA:0,(anonymous_2)
FNDA:0,(anonymous_3)
FNDA:0,(anonymous_4)
FNDA:0,(anonymous_5)
DA:4,2
DA:13,2
DA:16,2
DA:17,2
DA:19,2
DA:21,0
DA:23,0
DA:25,0
DA:28,0
DA:31,0
DA:35,2
DA:36,2
DA:38,2
DA:40,0
DA:42,0
DA:44,0
DA:47,0
DA:50,0
LF:18
LH:8
BRF:0
BRH:0
end_of_record
TN:
SF:src\common\page-animation.jsx
FN:3,(anonymous_0)
FNF:1
FNH:0
FNDA:0,(anonymous_0)
DA:3,2
DA:4,0
LF:2
LH:1
BRDA:3,0,0,0
BRDA:3,1,0,0
BRDA:3,2,0,0
BRF:3
BRH:0
end_of_record
TN:
SF:src\components\about.jsx
FN:4,(anonymous_0)
FN:12,(anonymous_1)
FNF:2
FNH:0
FNDA:0,(anonymous_0)
FNDA:0,(anonymous_1)
DA:4,2
DA:5,0
DA:14,0
DA:16,0
LF:4
LH:1
BRDA:7,0,0,0
BRDA:7,0,1,0
BRDA:16,1,0,0
BRDA:16,1,1,0
BRDA:17,2,0,0
BRDA:17,2,1,0
BRF:6
BRH:0
end_of_record
TN:
SF:src\components\inpage-navigation.jsx
FN:6,(anonymous_0)
FN:16,(anonymous_1)
FN:27,(anonymous_2)
FN:34,(anonymous_3)
FN:50,(anonymous_4)
FN:56,(anonymous_5)
FNF:6
FNH:0
FNDA:0,(anonymous_0)
FNDA:0,(anonymous_1)
FNDA:0,(anonymous_2)
FNDA:0,(anonymous_3)
FNDA:0,(anonymous_4)
FNDA:0,(anonymous_5)
DA:6,2
DA:8,0
DA:9,0
DA:11,0
DA:13,0
DA:14,0
DA:16,0
DA:18,0
DA:20,0
DA:21,0
DA:23,0
DA:27,0
DA:29,0
DA:30,0
DA:33,0
DA:34,0
DA:35,0
DA:36,0
DA:39,0
DA:45,0
DA:51,0
DA:56,0
LF:22
LH:1
BRDA:6,0,0,0
BRDA:6,1,0,0
BRDA:29,2,0,0
BRDA:29,2,1,0
BRDA:29,3,0,0
BRDA:29,3,1,0
BRDA:33,4,0,0
BRDA:33,4,1,0
BRDA:35,5,0,0
BRDA:35,5,1,0
BRDA:53,6,0,0
BRDA:53,6,1,0
BRDA:55,7,0,0
BRDA:55,7,1,0
BRDA:55,8,0,0
BRDA:55,8,1,0
BRDA:68,9,0,0
BRDA:68,9,1,0
BRF:18
BRH:0
end_of_record
TN:
SF:src\components\input.jsx
FN:3,(anonymous_0)
FN:25,(anonymous_1)
FN:25,(anonymous_2)
FNF:3
FNH:0
FNDA:0,(anonymous_0)
FNDA:0,(anonymous_1)
FNDA:0,(anonymous_2)
DA:3,2
DA:5,0
DA:7,0
DA:25,0
LF:4
LH:1
BRDA:3,0,0,0
BRDA:11,1,0,0
BRDA:11,1,1,0
BRDA:11,2,0,0
BRDA:11,2,1,0
BRDA:23,3,0,0
BRDA:23,3,1,0
BRDA:24,4,0,0
BRDA:24,4,1,0
BRF:9
BRH:0
end_of_record
TN:
SF:src\components\loader.jsx
FN:1,(anonymous_0)
FNF:1
FNH:0
FNDA:0,(anonymous_0)
DA:1,2
DA:2,0
LF:2
LH:1
BRF:0
BRH:0
end_of_record
TN:
SF:src\components\navbar.jsx
FN:9,(anonymous_0)
FN:20,(anonymous_1)
FN:28,(anonymous_2)
FN:31,(anonymous_3)
FN:38,(anonymous_4)
FN:39,(anonymous_5)
FN:42,(anonymous_6)
FN:50,(anonymous_7)
FN:51,(anonymous_8)
FN:56,(anonymous_9)
FN:91,(anonymous_10)
FN:91,(anonymous_11)
FNF:12
FNH:0
FNDA:0,(anonymous_0)
FNDA:0,(anonymous_1)
FNDA:0,(anonymous_2)
FNDA:0,(anonymous_3)
FNDA:0,(anonymous_4)
FNDA:0,(anonymous_5)
FNDA:0,(anonymous_6)
FNDA:0,(anonymous_7)
FNDA:0,(anonymous_8)
FNDA:0,(anonymous_9)
FNDA:0,(anonymous_10)
FNDA:0,(anonymous_11)
DA:9,2
DA:11,0
DA:12,0
DA:14,0
DA:16,0
DA:18,0
DA:20,0
DA:22,0
DA:23,0
DA:29,0
DA:32,0
DA:38,0
DA:39,0
DA:42,0
DA:43,0
DA:45,0
DA:46,0
DA:50,0
DA:51,0
DA:52,0
DA:56,0
DA:58,0
DA:60,0
DA:62,0
DA:64,0
DA:68,0
DA:70,0
DA:91,0
LF:28
LH:1
BRDA:22,0,0,0
BRDA:22,0,1,0
BRDA:45,1,0,0
BRDA:45,1,1,0
BRDA:45,2,0,0
BRDA:45,2,1,0
BRDA:58,3,0,0
BRDA:58,3,1,0
BRDA:75,4,0,0
BRDA:75,4,1,0
BRDA:78,5,0,0
BRDA:78,5,1,0
BRDA:97,6,0,0
BRDA:97,6,1,0
BRDA:105,7,0,0
BRDA:105,7,1,0
BRDA:109,8,0,0
BRDA:109,8,1,0
BRDA:115,9,0,0
BRDA:115,9,1,0
BRDA:128,10,0,0
BRDA:128,10,1,0
BRF:22
BRH:0
end_of_record
TN:
SF:src\components\nodata.jsx
FN:1,(anonymous_0)
FNF:1
FNH:0
FNDA:0,(anonymous_0)
DA:1,2
DA:3,0
LF:2
LH:1
BRF:0
BRH:0
end_of_record
TN:
SF:src\components\sidenavbar.jsx
FN:5,(anonymous_0)
FN:18,(anonymous_1)
FN:33,(anonymous_2)
FN:60,(anonymous_3)
FN:65,(anonymous_4)
FN:78,(anonymous_5)
FN:87,(anonymous_6)
FN:92,(anonymous_7)
FNF:8
FNH:0
FNDA:0,(anonymous_0)
FNDA:0,(anonymous_1)
FNDA:0,(anonymous_2)
FNDA:0,(anonymous_3)
FNDA:0,(anonymous_4)
FNDA:0,(anonymous_5)
FNDA:0,(anonymous_6)
FNDA:0,(anonymous_7)
DA:5,2
DA:7,0
DA:9,0
DA:11,0
DA:12,0
DA:14,0
DA:15,0
DA:16,0
DA:18,0
DA:20,0
DA:22,0
DA:23,0
DA:25,0
DA:26,0
DA:28,0
DA:33,0
DA:34,0
DA:35,0
DA:38,0
DA:60,0
DA:65,0
DA:78,0
DA:87,0
DA:92,0
LF:24
LH:1
BRDA:25,0,0,0
BRDA:25,0,1,0
BRDA:39,1,0,0
BRDA:39,1,1,0
BRDA:55,2,0,0
BRDA:55,2,1,0
BRDA:69,3,0,0
BRDA:69,3,1,0
BRDA:77,4,0,0
BRDA:77,4,1,0
BRF:10
BRH:0
end_of_record
TN:
SF:src\components\user-navigation.jsx
FN:6,(anonymous_0)
FN:10,(anonymous_1)
FNF:2
FNH:0
FNDA:0,(anonymous_0)
FNDA:0,(anonymous_1)
DA:6,2
DA:8,0
DA:10,0
DA:11,0
DA:12,0
DA:15,0
LF:6
LH:1
BRDA:24,0,0,0
BRDA:24,0,1,0
BRF:2
BRH:0
end_of_record
TN:
SF:src\pages\404.jsx
FN:7,(anonymous_0)
FNF:1
FNH:0
FNDA:0,(anonymous_0)
DA:7,2
DA:9,0
DA:11,0
LF:3
LH:1
BRDA:18,0,0,0
BRDA:18,0,1,0
BRF:2
BRH:0
end_of_record
TN:
SF:src\pages\change-password.jsx
FN:9,(anonymous_0)
FN:19,(anonymous_1)
FN:48,(anonymous_2)
FN:53,(anonymous_3)
FNF:4
FNH:0
FNDA:0,(anonymous_0)
FNDA:0,(anonymous_1)
FNDA:0,(anonymous_2)
FNDA:0,(anonymous_3)
DA:9,2
DA:11,0
DA:13,0
DA:15,0
DA:17,0
DA:19,0
DA:20,0
DA:22,0
DA:23,0
DA:25,0
DA:26,0
DA:29,0
DA:31,0
DA:32,0
DA:35,0
DA:36,0
DA:39,0
DA:41,0
DA:43,0
DA:49,0
DA:50,0
DA:51,0
DA:54,0
DA:55,0
DA:56,0
DA:62,0
LF:26
LH:1
BRDA:31,0,0,0
BRDA:31,0,1,0
BRDA:31,1,0,0
BRDA:31,1,1,0
BRDA:35,2,0,0
BRDA:35,2,1,0
BRDA:35,3,0,0
BRDA:35,3,1,0
BRF:8
BRH:0
end_of_record
TN:
SF:src\pages\data-deletion.jsx
FN:7,(anonymous_0)
FNF:1
FNH:0
FNDA:0,(anonymous_0)
DA:7,2
DA:9,0
DA:11,0
LF:3
LH:1
BRDA:18,0,0,0
BRDA:18,0,1,0
BRF:2
BRH:0
end_of_record
TN:
SF:src\pages\edit-profile.jsx
FN:12,(anonymous_0)
FN:33,(anonymous_1)
FN:37,(anonymous_2)
FN:41,(anonymous_3)
FN:48,(anonymous_4)
FN:52,(anonymous_5)
FN:61,(anonymous_6)
FN:88,(anonymous_7)
FN:100,(anonymous_8)
FN:108,(anonymous_9)
FN:150,(anonymous_10)
FN:171,(anonymous_11)
FN:180,(anonymous_12)
FN:270,(anonymous_13)
FNF:14
FNH:1
FNDA:25,(anonymous_0)
FNDA:0,(anonymous_1)
FNDA:0,(anonymous_2)
FNDA:0,(anonymous_3)
FNDA:0,(anonymous_4)
FNDA:0,(anonymous_5)
FNDA:0,(anonymous_6)
FNDA:0,(anonymous_7)
FNDA:0,(anonymous_8)
FNDA:0,(anonymous_9)
FNDA:0,(anonymous_10)
FNDA:0,(anonymous_11)
FNDA:0,(anonymous_12)
FNDA:0,(anonymous_13)
DA:12,2
DA:14,25
DA:16,24
DA:18,24
DA:20,24
DA:21,24
DA:23,24
DA:24,24
DA:25,24
DA:26,24
DA:28,24
DA:29,24
DA:31,24
DA:33,0
DA:35,0
DA:36,0
DA:38,0
DA:39,0
DA:42,0
DA:48,0
DA:49,0
DA:52,0
DA:54,0
DA:56,0
DA:58,0
DA:61,0
DA:62,0
DA:64,0
DA:66,0
DA:67,0
DA:68,0
DA:70,0
DA:72,0
DA:73,0
DA:74,0
DA:77,0
DA:79,0
DA:80,0
DA:82,0
DA:89,0
DA:91,0
DA:92,0
DA:94,0
DA:96,0
DA:97,0
DA:98,0
DA:101,0
DA:102,0
DA:103,0
DA:108,0
DA:109,0
DA:111,0
DA:112,0
DA:114,0
DA:115,0
DA:118,0
DA:119,0
DA:121,0
DA:122,0
DA:125,0
DA:138,0
DA:140,0
DA:141,0
DA:143,0
DA:151,0
DA:153,0
DA:155,0
DA:156,0
DA:162,0
DA:163,0
DA:166,0
DA:167,0
DA:168,0
DA:172,0
DA:173,0
DA:174,0
DA:175,0
DA:180,0
DA:181,0
DA:184,0
DA:185,0
DA:188,0
DA:189,0
DA:191,0
DA:197,0
DA:199,0
DA:200,0
DA:203,0
DA:205,0
DA:206,0
DA:209,0
DA:211,0
DA:212,0
DA:215,0
DA:216,0
DA:220,0
DA:272,0
DA:274,0
LF:98
LH:13
BRDA:28,0,0,24
BRDA:28,0,1,0
BRDA:35,1,0,0
BRDA:35,1,1,0
BRDA:66,2,0,0
BRDA:66,2,1,0
BRDA:72,3,0,0
BRDA:72,3,1,0
BRDA:103,4,0,0
BRDA:103,4,1,0
BRDA:118,5,0,0
BRDA:118,5,1,0
BRDA:121,6,0,0
BRDA:121,6,1,0
BRDA:155,7,0,0
BRDA:155,7,1,0
BRDA:175,8,0,0
BRDA:175,8,1,0
BRDA:184,9,0,0
BRDA:184,9,1,0
BRDA:197,10,0,0
BRDA:197,10,1,0
BRDA:216,11,0,0
BRDA:216,11,1,0
BRDA:223,12,0,0
BRDA:223,12,1,0
BRDA:274,13,0,0
BRDA:274,13,1,0
BRF:28
BRH:1
end_of_record
TN:
SF:src\pages\home.jsx
FN:10,(anonymous_0)
FN:23,(anonymous_1)
FN:26,(anonymous_2)
FN:37,(anonymous_3)
FN:42,(anonymous_4)
FN:45,(anonymous_5)
FN:57,(anonymous_6)
FN:62,(anonymous_7)
FN:65,(anonymous_8)
FN:68,(anonymous_9)
FN:73,(anonymous_10)
FN:88,(anonymous_11)
FN:118,(anonymous_12)
FN:133,(anonymous_13)
FN:153,(anonymous_14)
FN:174,(anonymous_15)
FNF:16
FNH:0
FNDA:0,(anonymous_0)
FNDA:0,(anonymous_1)
FNDA:0,(anonymous_2)
FNDA:0,(anonymous_3)
FNDA:0,(anonymous_4)
FNDA:0,(anonymous_5)
FNDA:0,(anonymous_6)
FNDA:0,(anonymous_7)
FNDA:0,(anonymous_8)
FNDA:0,(anonymous_9)
FNDA:0,(anonymous_10)
FNDA:0,(anonymous_11)
FNDA:0,(anonymous_12)
FNDA:0,(anonymous_13)
FNDA:0,(anonymous_14)
FNDA:0,(anonymous_15)
DA:10,2
DA:11,0
DA:12,0
DA:13,0
DA:15,0
DA:23,0
DA:24,0
DA:28,0
DA:35,0
DA:38,0
DA:42,0
DA:43,0
DA:47,0
DA:55,0
DA:58,0
DA:62,0
DA:63,0
DA:66,0
DA:69,0
DA:73,0
DA:75,0
DA:77,0
DA:79,0
DA:80,0
DA:81,0
DA:84,0
DA:88,0
DA:90,0
DA:92,0
DA:93,0
DA:95,0
DA:98,0
DA:99,0
DA:104,0
DA:119,0
DA:134,0
DA:154,0
DA:175,0
LF:38
LH:1
BRDA:23,0,0,0
BRDA:42,1,0,0
BRDA:79,2,0,0
BRDA:79,2,1,0
BRDA:92,3,0,0
BRDA:92,3,1,0
BRDA:98,4,0,0
BRDA:98,4,1,0
BRDA:114,5,0,0
BRDA:114,5,1,0
BRDA:117,6,0,0
BRDA:117,6,1,0
BRDA:129,7,0,0
BRDA:129,7,1,0
BRDA:132,8,0,0
BRDA:132,8,1,0
BRDA:155,9,0,0
BRDA:155,9,1,0
BRDA:170,10,0,0
BRDA:170,10,1,0
BRDA:173,11,0,0
BRDA:173,11,1,0
BRF:22
BRH:0
end_of_record
TN:
SF:src\pages\privacy-policy.jsx
FN:7,(anonymous_0)
FNF:1
FNH:0
FNDA:0,(anonymous_0)
DA:7,2
DA:9,0
DA:11,0
LF:3
LH:1
BRDA:18,0,0,0
BRDA:18,0,1,0
BRF:2
BRH:0
end_of_record
TN:
SF:src\pages\profile.jsx
FN:28,(anonymous_0)
FN:41,(anonymous_1)
FN:43,(anonymous_2)
FN:51,(anonymous_3)
FN:57,(anonymous_4)
FN:65,(anonymous_5)
FN:82,(anonymous_6)
FN:95,(anonymous_7)
FN:141,(anonymous_8)
FNF:9
FNH:0
FNDA:0,(anonymous_0)
FNDA:0,(anonymous_1)
FNDA:0,(anonymous_2)
FNDA:0,(anonymous_3)
FNDA:0,(anonymous_4)
FNDA:0,(anonymous_5)
FNDA:0,(anonymous_6)
FNDA:0,(anonymous_7)
FNDA:0,(anonymous_8)
DA:13,2
DA:28,2
DA:30,0
DA:32,0
DA:33,0
DA:34,0
DA:35,0
DA:37,0
DA:39,0
DA:41,0
DA:42,0
DA:44,0
DA:45,0
DA:47,0
DA:48,0
DA:49,0
DA:52,0
DA:53,0
DA:57,0
DA:59,0
DA:61,0
DA:67,0
DA:75,0
DA:76,0
DA:82,0
DA:84,0
DA:85,0
DA:88,0
DA:89,0
DA:90,0
DA:95,0
DA:96,0
DA:97,0
DA:98,0
DA:101,0
DA:142,0
LF:36
LH:2
BRDA:44,0,0,0
BRDA:44,0,1,0
BRDA:57,1,0,0
BRDA:59,2,0,0
BRDA:59,2,1,0
BRDA:84,3,0,0
BRDA:84,3,1,0
BRDA:88,4,0,0
BRDA:88,4,1,0
BRDA:105,5,0,0
BRDA:105,5,1,0
BRDA:106,6,0,0
BRDA:106,6,1,0
BRDA:120,7,0,0
BRDA:120,7,1,0
BRDA:137,8,0,0
BRDA:137,8,1,0
BRDA:140,9,0,0
BRDA:140,9,1,0
BRF:19
BRH:0
end_of_record
TN:
SF:src\pages\user-auth-form.jsx
FN:13,(anonymous_0)
FN:17,(anonymous_1)
FN:20,(anonymous_2)
FN:25,(anonymous_3)
FN:31,(anonymous_4)
FN:68,(anonymous_5)
FN:74,(anonymous_6)
FN:85,(anonymous_7)
FN:92,(anonymous_8)
FN:96,(anonymous_9)
FN:107,(anonymous_10)
FNF:11
FNH:0
FNDA:0,(anonymous_0)
FNDA:0,(anonymous_1)
FNDA:0,(anonymous_2)
FNDA:0,(anonymous_3)
FNDA:0,(anonymous_4)
FNDA:0,(anonymous_5)
FNDA:0,(anonymous_6)
FNDA:0,(anonymous_7)
FNDA:0,(anonymous_8)
FNDA:0,(anonymous_9)
FNDA:0,(anonymous_10)
DA:13,2
DA:15,0
DA:17,0
DA:19,0
DA:21,0
DA:23,0
DA:26,0
DA:31,0
DA:33,0
DA:35,0
DA:37,0
DA:38,0
DA:40,0
DA:41,0
DA:43,0
DA:44,0
DA:47,0
DA:49,0
DA:50,0
DA:51,0
DA:54,0
DA:55,0
DA:57,0
DA:58,0
DA:60,0
DA:61,0
DA:64,0
DA:68,0
DA:70,0
DA:72,0
DA:74,0
DA:76,0
DA:78,0
DA:82,0
DA:86,0
DA:87,0
DA:92,0
DA:94,0
DA:96,0
DA:98,0
DA:100,0
DA:104,0
DA:108,0
DA:109,0
DA:114,0
LF:45
LH:1
BRDA:35,0,0,0
BRDA:35,0,1,0
BRDA:49,1,0,0
BRDA:49,1,1,0
BRDA:50,2,0,0
BRDA:50,2,1,0
BRDA:54,3,0,0
BRDA:54,3,1,0
BRDA:57,4,0,0
BRDA:57,4,1,0
BRDA:60,5,0,0
BRDA:60,5,1,0
BRDA:115,6,0,0
BRDA:115,6,1,0
BRDA:123,7,0,0
BRDA:123,7,1,0
BRDA:127,8,0,0
BRDA:127,8,1,0
BRDA:177,9,0,0
BRDA:177,9,1,0
BRF:20
BRH:0
end_of_record
