{"C:\\Users\\Mail4\\Documents\\GitHub\\sweng-861-week-5-software-testing\\backend\\server.js": {"path":"C:\\Users\\Mail4\\Documents\\GitHub\\sweng-861-week-5-software-testing\\backend\\server.js","statementMap":{"0":{"start":{"line":17,"column":26},"end":{"line":19,"column":1}},"1":{"start":{"line":21,"column":15},"end":{"line":21,"column":24}},"2":{"start":{"line":23,"column":0},"end":{"line":23,"column":77}},"3":{"start":{"line":25,"column":17},"end":{"line":25,"column":64}},"4":{"start":{"line":26,"column":20},"end":{"line":26,"column":61}},"5":{"start":{"line":27,"column":11},"end":{"line":27,"column":15}},"6":{"start":{"line":29,"column":16},"end":{"line":44,"column":1}},"7":{"start":{"line":45,"column":20},"end":{"line":45,"column":41}},"8":{"start":{"line":48,"column":25},"end":{"line":51,"column":2}},"9":{"start":{"line":52,"column":29},"end":{"line":55,"column":2}},"10":{"start":{"line":56,"column":28},"end":{"line":59,"column":2}},"11":{"start":{"line":60,"column":31},"end":{"line":63,"column":2}},"12":{"start":{"line":65,"column":0},"end":{"line":65,"column":27}},"13":{"start":{"line":66,"column":0},"end":{"line":74,"column":2}},"14":{"start":{"line":75,"column":0},"end":{"line":75,"column":71}},"15":{"start":{"line":76,"column":0},"end":{"line":76,"column":29}},"16":{"start":{"line":77,"column":0},"end":{"line":77,"column":33}},"17":{"start":{"line":78,"column":0},"end":{"line":78,"column":32}},"18":{"start":{"line":79,"column":0},"end":{"line":79,"column":35}},"19":{"start":{"line":82,"column":0},"end":{"line":84,"column":2}},"20":{"start":{"line":86,"column":18},"end":{"line":106,"column":1}},"21":{"start":{"line":88,"column":23},"end":{"line":88,"column":51}},"22":{"start":{"line":90,"column":18},"end":{"line":90,"column":56}},"23":{"start":{"line":92,"column":4},"end":{"line":94,"column":5}},"24":{"start":{"line":93,"column":8},"end":{"line":93,"column":65}},"25":{"start":{"line":96,"column":4},"end":{"line":104,"column":6}},"26":{"start":{"line":97,"column":8},"end":{"line":99,"column":9}},"27":{"start":{"line":98,"column":12},"end":{"line":98,"column":77}},"28":{"start":{"line":101,"column":8},"end":{"line":101,"column":26}},"29":{"start":{"line":102,"column":8},"end":{"line":102,"column":30}},"30":{"start":{"line":103,"column":8},"end":{"line":103,"column":14}},"31":{"start":{"line":108,"column":25},"end":{"line":121,"column":1}},"32":{"start":{"line":110,"column":4},"end":{"line":110,"column":25}},"33":{"start":{"line":112,"column":25},"end":{"line":112,"column":101}},"34":{"start":{"line":114,"column":4},"end":{"line":120,"column":5}},"35":{"start":{"line":123,"column":25},"end":{"line":133,"column":1}},"36":{"start":{"line":125,"column":19},"end":{"line":125,"column":38}},"37":{"start":{"line":127,"column":30},"end":{"line":127,"column":112}},"38":{"start":{"line":127,"column":105},"end":{"line":127,"column":111}},"39":{"start":{"line":129,"column":4},"end":{"line":129,"column":68}},"40":{"start":{"line":131,"column":4},"end":{"line":131,"column":20}},"41":{"start":{"line":136,"column":0},"end":{"line":179,"column":3}},"42":{"start":{"line":137,"column":40},"end":{"line":137,"column":48}},"43":{"start":{"line":138,"column":18},"end":{"line":138,"column":69}},"44":{"start":{"line":140,"column":4},"end":{"line":142,"column":5}},"45":{"start":{"line":141,"column":8},"end":{"line":141,"column":92}},"46":{"start":{"line":143,"column":4},"end":{"line":145,"column":5}},"47":{"start":{"line":144,"column":8},"end":{"line":144,"column":63}},"48":{"start":{"line":146,"column":4},"end":{"line":148,"column":5}},"49":{"start":{"line":147,"column":8},"end":{"line":147,"column":68}},"50":{"start":{"line":149,"column":4},"end":{"line":151,"column":5}},"51":{"start":{"line":150,"column":8},"end":{"line":150,"column":146}},"52":{"start":{"line":153,"column":4},"end":{"line":178,"column":7}},"53":{"start":{"line":154,"column":23},"end":{"line":154,"column":52}},"54":{"start":{"line":155,"column":26},"end":{"line":155,"column":122}},"55":{"start":{"line":157,"column":19},"end":{"line":168,"column":10}},"56":{"start":{"line":170,"column":8},"end":{"line":177,"column":11}},"57":{"start":{"line":171,"column":12},"end":{"line":171,"column":54}},"58":{"start":{"line":173,"column":12},"end":{"line":175,"column":13}},"59":{"start":{"line":174,"column":16},"end":{"line":174,"column":80}},"60":{"start":{"line":176,"column":12},"end":{"line":176,"column":65}},"61":{"start":{"line":182,"column":0},"end":{"line":219,"column":2}},"62":{"start":{"line":184,"column":30},"end":{"line":184,"column":38}},"63":{"start":{"line":186,"column":4},"end":{"line":217,"column":10}},"64":{"start":{"line":188,"column":12},"end":{"line":190,"column":13}},"65":{"start":{"line":189,"column":16},"end":{"line":189,"column":76}},"66":{"start":{"line":192,"column":12},"end":{"line":211,"column":13}},"67":{"start":{"line":194,"column":16},"end":{"line":207,"column":18}},"68":{"start":{"line":196,"column":20},"end":{"line":198,"column":21}},"69":{"start":{"line":197,"column":24},"end":{"line":197,"column":117}},"70":{"start":{"line":200,"column":20},"end":{"line":205,"column":21}},"71":{"start":{"line":201,"column":24},"end":{"line":201,"column":86}},"72":{"start":{"line":203,"column":24},"end":{"line":203,"column":80}},"73":{"start":{"line":204,"column":24},"end":{"line":204,"column":75}},"74":{"start":{"line":210,"column":16},"end":{"line":210,"column":149}},"75":{"start":{"line":215,"column":12},"end":{"line":215,"column":37}},"76":{"start":{"line":216,"column":12},"end":{"line":216,"column":65}},"77":{"start":{"line":221,"column":0},"end":{"line":279,"column":2}},"78":{"start":{"line":223,"column":27},"end":{"line":223,"column":35}},"79":{"start":{"line":225,"column":4},"end":{"line":277,"column":10}},"80":{"start":{"line":229,"column":43},"end":{"line":229,"column":54}},"81":{"start":{"line":230,"column":26},"end":{"line":230,"column":31}},"82":{"start":{"line":232,"column":12},"end":{"line":234,"column":13}},"83":{"start":{"line":233,"column":16},"end":{"line":233,"column":31}},"84":{"start":{"line":236,"column":12},"end":{"line":236,"column":57}},"85":{"start":{"line":238,"column":23},"end":{"line":243,"column":18}},"86":{"start":{"line":239,"column":16},"end":{"line":239,"column":32}},"87":{"start":{"line":242,"column":20},"end":{"line":242,"column":73}},"88":{"start":{"line":245,"column":12},"end":{"line":268,"column":13}},"89":{"start":{"line":246,"column":16},"end":{"line":248,"column":17}},"90":{"start":{"line":247,"column":20},"end":{"line":247,"column":154}},"91":{"start":{"line":252,"column":31},"end":{"line":252,"column":60}},"92":{"start":{"line":254,"column":16},"end":{"line":259,"column":18}},"93":{"start":{"line":261,"column":16},"end":{"line":266,"column":22}},"94":{"start":{"line":262,"column":20},"end":{"line":262,"column":29}},"95":{"start":{"line":265,"column":24},"end":{"line":265,"column":77}},"96":{"start":{"line":270,"column":12},"end":{"line":270,"column":66}},"97":{"start":{"line":271,"column":12},"end":{"line":271,"column":63}},"98":{"start":{"line":275,"column":12},"end":{"line":275,"column":36}},"99":{"start":{"line":276,"column":12},"end":{"line":276,"column":130}},"100":{"start":{"line":281,"column":0},"end":{"line":338,"column":2}},"101":{"start":{"line":283,"column":27},"end":{"line":283,"column":35}},"102":{"start":{"line":286,"column":4},"end":{"line":336,"column":10}},"103":{"start":{"line":290,"column":43},"end":{"line":290,"column":54}},"104":{"start":{"line":291,"column":26},"end":{"line":291,"column":31}},"105":{"start":{"line":293,"column":12},"end":{"line":295,"column":13}},"106":{"start":{"line":294,"column":16},"end":{"line":294,"column":31}},"107":{"start":{"line":297,"column":23},"end":{"line":302,"column":18}},"108":{"start":{"line":298,"column":16},"end":{"line":298,"column":32}},"109":{"start":{"line":301,"column":20},"end":{"line":301,"column":73}},"110":{"start":{"line":304,"column":12},"end":{"line":327,"column":13}},"111":{"start":{"line":305,"column":16},"end":{"line":307,"column":17}},"112":{"start":{"line":306,"column":20},"end":{"line":306,"column":156}},"113":{"start":{"line":311,"column":31},"end":{"line":311,"column":60}},"114":{"start":{"line":313,"column":16},"end":{"line":318,"column":18}},"115":{"start":{"line":320,"column":16},"end":{"line":325,"column":22}},"116":{"start":{"line":321,"column":20},"end":{"line":321,"column":29}},"117":{"start":{"line":324,"column":24},"end":{"line":324,"column":77}},"118":{"start":{"line":329,"column":12},"end":{"line":329,"column":68}},"119":{"start":{"line":330,"column":12},"end":{"line":330,"column":63}},"120":{"start":{"line":334,"column":12},"end":{"line":334,"column":36}},"121":{"start":{"line":335,"column":12},"end":{"line":335,"column":132}},"122":{"start":{"line":341,"column":0},"end":{"line":351,"column":3}},"123":{"start":{"line":342,"column":4},"end":{"line":350,"column":11}},"124":{"start":{"line":345,"column":12},"end":{"line":345,"column":80}},"125":{"start":{"line":345,"column":23},"end":{"line":345,"column":80}},"126":{"start":{"line":346,"column":12},"end":{"line":346,"column":39}},"127":{"start":{"line":349,"column":12},"end":{"line":349,"column":56}},"128":{"start":{"line":354,"column":0},"end":{"line":378,"column":3}},"129":{"start":{"line":355,"column":23},"end":{"line":359,"column":5}},"130":{"start":{"line":361,"column":4},"end":{"line":361,"column":88}},"131":{"start":{"line":361,"column":36},"end":{"line":361,"column":88}},"132":{"start":{"line":363,"column":4},"end":{"line":377,"column":11}},"133":{"start":{"line":366,"column":12},"end":{"line":368,"column":13}},"134":{"start":{"line":367,"column":16},"end":{"line":367,"column":73}},"135":{"start":{"line":369,"column":12},"end":{"line":369,"column":50}},"136":{"start":{"line":372,"column":12},"end":{"line":372,"column":28}},"137":{"start":{"line":373,"column":12},"end":{"line":375,"column":13}},"138":{"start":{"line":374,"column":16},"end":{"line":374,"column":80}},"139":{"start":{"line":376,"column":12},"end":{"line":376,"column":57}},"140":{"start":{"line":381,"column":0},"end":{"line":429,"column":2}},"141":{"start":{"line":383,"column":43},"end":{"line":383,"column":51}},"142":{"start":{"line":385,"column":4},"end":{"line":387,"column":5}},"143":{"start":{"line":386,"column":8},"end":{"line":386,"column":144}},"144":{"start":{"line":389,"column":4},"end":{"line":427,"column":10}},"145":{"start":{"line":391,"column":12},"end":{"line":391,"column":29}},"146":{"start":{"line":392,"column":12},"end":{"line":420,"column":13}},"147":{"start":{"line":393,"column":16},"end":{"line":393,"column":72}},"148":{"start":{"line":395,"column":16},"end":{"line":397,"column":17}},"149":{"start":{"line":396,"column":20},"end":{"line":396,"column":134}},"150":{"start":{"line":399,"column":16},"end":{"line":419,"column":18}},"151":{"start":{"line":400,"column":20},"end":{"line":402,"column":21}},"152":{"start":{"line":401,"column":24},"end":{"line":401,"column":136}},"153":{"start":{"line":404,"column":20},"end":{"line":406,"column":21}},"154":{"start":{"line":405,"column":24},"end":{"line":405,"column":92}},"155":{"start":{"line":408,"column":20},"end":{"line":418,"column":22}},"156":{"start":{"line":410,"column":24},"end":{"line":416,"column":30}},"157":{"start":{"line":412,"column":32},"end":{"line":412,"column":91}},"158":{"start":{"line":415,"column":32},"end":{"line":415,"column":142}},"159":{"start":{"line":425,"column":12},"end":{"line":425,"column":29}},"160":{"start":{"line":426,"column":12},"end":{"line":426,"column":77}},"161":{"start":{"line":432,"column":0},"end":{"line":451,"column":3}},"162":{"start":{"line":434,"column":4},"end":{"line":434,"column":88}},"163":{"start":{"line":434,"column":36},"end":{"line":434,"column":88}},"164":{"start":{"line":436,"column":4},"end":{"line":436,"column":30}},"165":{"start":{"line":438,"column":4},"end":{"line":450,"column":11}},"166":{"start":{"line":440,"column":12},"end":{"line":443,"column":13}},"167":{"start":{"line":441,"column":16},"end":{"line":441,"column":45}},"168":{"start":{"line":442,"column":16},"end":{"line":442,"column":73}},"169":{"start":{"line":444,"column":12},"end":{"line":444,"column":52}},"170":{"start":{"line":445,"column":12},"end":{"line":445,"column":75}},"171":{"start":{"line":448,"column":12},"end":{"line":448,"column":28}},"172":{"start":{"line":449,"column":12},"end":{"line":449,"column":67}},"173":{"start":{"line":453,"column":0},"end":{"line":455,"column":2}},"174":{"start":{"line":454,"column":4},"end":{"line":454,"column":48}}},"fnMap":{"0":{"name":"(anonymous_0)","decl":{"start":{"line":86,"column":18},"end":{"line":86,"column":19}},"loc":{"start":{"line":86,"column":38},"end":{"line":106,"column":1}},"line":86},"1":{"name":"(anonymous_1)","decl":{"start":{"line":96,"column":53},"end":{"line":96,"column":54}},"loc":{"start":{"line":96,"column":68},"end":{"line":104,"column":5}},"line":96},"2":{"name":"(anonymous_2)","decl":{"start":{"line":108,"column":25},"end":{"line":108,"column":26}},"loc":{"start":{"line":108,"column":35},"end":{"line":121,"column":1}},"line":108},"3":{"name":"(anonymous_3)","decl":{"start":{"line":123,"column":25},"end":{"line":123,"column":26}},"loc":{"start":{"line":123,"column":42},"end":{"line":133,"column":1}},"line":123},"4":{"name":"(anonymous_4)","decl":{"start":{"line":127,"column":93},"end":{"line":127,"column":94}},"loc":{"start":{"line":127,"column":105},"end":{"line":127,"column":111}},"line":127},"5":{"name":"(anonymous_5)","decl":{"start":{"line":136,"column":43},"end":{"line":136,"column":44}},"loc":{"start":{"line":136,"column":63},"end":{"line":179,"column":1}},"line":136},"6":{"name":"(anonymous_6)","decl":{"start":{"line":153,"column":30},"end":{"line":153,"column":31}},"loc":{"start":{"line":153,"column":62},"end":{"line":178,"column":5}},"line":153},"7":{"name":"(anonymous_7)","decl":{"start":{"line":170,"column":25},"end":{"line":170,"column":26}},"loc":{"start":{"line":170,"column":32},"end":{"line":172,"column":9}},"line":170},"8":{"name":"(anonymous_8)","decl":{"start":{"line":172,"column":17},"end":{"line":172,"column":18}},"loc":{"start":{"line":172,"column":24},"end":{"line":177,"column":9}},"line":172},"9":{"name":"(anonymous_9)","decl":{"start":{"line":182,"column":46},"end":{"line":182,"column":47}},"loc":{"start":{"line":182,"column":60},"end":{"line":219,"column":1}},"line":182},"10":{"name":"(anonymous_10)","decl":{"start":{"line":187,"column":14},"end":{"line":187,"column":15}},"loc":{"start":{"line":187,"column":24},"end":{"line":213,"column":9}},"line":187},"11":{"name":"(anonymous_11)","decl":{"start":{"line":194,"column":70},"end":{"line":194,"column":71}},"loc":{"start":{"line":194,"column":87},"end":{"line":207,"column":17}},"line":194},"12":{"name":"(anonymous_12)","decl":{"start":{"line":214,"column":15},"end":{"line":214,"column":16}},"loc":{"start":{"line":214,"column":22},"end":{"line":217,"column":9}},"line":214},"13":{"name":"(anonymous_13)","decl":{"start":{"line":221,"column":49},"end":{"line":221,"column":50}},"loc":{"start":{"line":221,"column":69},"end":{"line":279,"column":1}},"line":221},"14":{"name":"(anonymous_14)","decl":{"start":{"line":227,"column":14},"end":{"line":227,"column":15}},"loc":{"start":{"line":227,"column":37},"end":{"line":273,"column":9}},"line":227},"15":{"name":"(anonymous_15)","decl":{"start":{"line":238,"column":195},"end":{"line":238,"column":196}},"loc":{"start":{"line":238,"column":202},"end":{"line":240,"column":13}},"line":238},"16":{"name":"(anonymous_16)","decl":{"start":{"line":241,"column":23},"end":{"line":241,"column":24}},"loc":{"start":{"line":241,"column":30},"end":{"line":243,"column":17}},"line":241},"17":{"name":"(anonymous_17)","decl":{"start":{"line":261,"column":39},"end":{"line":261,"column":40}},"loc":{"start":{"line":261,"column":46},"end":{"line":263,"column":17}},"line":261},"18":{"name":"(anonymous_18)","decl":{"start":{"line":264,"column":27},"end":{"line":264,"column":28}},"loc":{"start":{"line":264,"column":34},"end":{"line":266,"column":21}},"line":264},"19":{"name":"(anonymous_19)","decl":{"start":{"line":274,"column":15},"end":{"line":274,"column":16}},"loc":{"start":{"line":274,"column":22},"end":{"line":277,"column":9}},"line":274},"20":{"name":"(anonymous_20)","decl":{"start":{"line":281,"column":51},"end":{"line":281,"column":52}},"loc":{"start":{"line":281,"column":71},"end":{"line":338,"column":1}},"line":281},"21":{"name":"(anonymous_21)","decl":{"start":{"line":288,"column":14},"end":{"line":288,"column":15}},"loc":{"start":{"line":288,"column":37},"end":{"line":332,"column":9}},"line":288},"22":{"name":"(anonymous_22)","decl":{"start":{"line":297,"column":195},"end":{"line":297,"column":196}},"loc":{"start":{"line":297,"column":202},"end":{"line":299,"column":13}},"line":297},"23":{"name":"(anonymous_23)","decl":{"start":{"line":300,"column":23},"end":{"line":300,"column":24}},"loc":{"start":{"line":300,"column":30},"end":{"line":302,"column":17}},"line":300},"24":{"name":"(anonymous_24)","decl":{"start":{"line":320,"column":39},"end":{"line":320,"column":40}},"loc":{"start":{"line":320,"column":46},"end":{"line":322,"column":17}},"line":320},"25":{"name":"(anonymous_25)","decl":{"start":{"line":323,"column":27},"end":{"line":323,"column":28}},"loc":{"start":{"line":323,"column":34},"end":{"line":325,"column":21}},"line":323},"26":{"name":"(anonymous_26)","decl":{"start":{"line":333,"column":15},"end":{"line":333,"column":16}},"loc":{"start":{"line":333,"column":22},"end":{"line":336,"column":9}},"line":333},"27":{"name":"(anonymous_27)","decl":{"start":{"line":341,"column":49},"end":{"line":341,"column":50}},"loc":{"start":{"line":341,"column":63},"end":{"line":351,"column":1}},"line":341},"28":{"name":"(anonymous_28)","decl":{"start":{"line":344,"column":14},"end":{"line":344,"column":15}},"loc":{"start":{"line":344,"column":22},"end":{"line":347,"column":9}},"line":344},"29":{"name":"(anonymous_29)","decl":{"start":{"line":348,"column":15},"end":{"line":348,"column":16}},"loc":{"start":{"line":348,"column":22},"end":{"line":350,"column":9}},"line":348},"30":{"name":"(anonymous_30)","decl":{"start":{"line":354,"column":58},"end":{"line":354,"column":59}},"loc":{"start":{"line":354,"column":72},"end":{"line":378,"column":1}},"line":354},"31":{"name":"(anonymous_31)","decl":{"start":{"line":365,"column":14},"end":{"line":365,"column":15}},"loc":{"start":{"line":365,"column":29},"end":{"line":370,"column":9}},"line":365},"32":{"name":"(anonymous_32)","decl":{"start":{"line":371,"column":15},"end":{"line":371,"column":16}},"loc":{"start":{"line":371,"column":22},"end":{"line":377,"column":9}},"line":371},"33":{"name":"(anonymous_33)","decl":{"start":{"line":381,"column":59},"end":{"line":381,"column":60}},"loc":{"start":{"line":381,"column":73},"end":{"line":429,"column":1}},"line":381},"34":{"name":"(anonymous_34)","decl":{"start":{"line":390,"column":14},"end":{"line":390,"column":15}},"loc":{"start":{"line":390,"column":24},"end":{"line":423,"column":9}},"line":390},"35":{"name":"(anonymous_35)","decl":{"start":{"line":399,"column":77},"end":{"line":399,"column":78}},"loc":{"start":{"line":399,"column":94},"end":{"line":419,"column":17}},"line":399},"36":{"name":"(anonymous_36)","decl":{"start":{"line":408,"column":49},"end":{"line":408,"column":50}},"loc":{"start":{"line":408,"column":75},"end":{"line":418,"column":21}},"line":408},"37":{"name":"(anonymous_37)","decl":{"start":{"line":411,"column":34},"end":{"line":411,"column":35}},"loc":{"start":{"line":411,"column":41},"end":{"line":413,"column":29}},"line":411},"38":{"name":"(anonymous_38)","decl":{"start":{"line":414,"column":35},"end":{"line":414,"column":36}},"loc":{"start":{"line":414,"column":42},"end":{"line":416,"column":29}},"line":414},"39":{"name":"(anonymous_39)","decl":{"start":{"line":424,"column":15},"end":{"line":424,"column":16}},"loc":{"start":{"line":424,"column":22},"end":{"line":427,"column":9}},"line":424},"40":{"name":"(anonymous_40)","decl":{"start":{"line":432,"column":63},"end":{"line":432,"column":64}},"loc":{"start":{"line":432,"column":77},"end":{"line":451,"column":1}},"line":432},"41":{"name":"(anonymous_41)","decl":{"start":{"line":439,"column":14},"end":{"line":439,"column":15}},"loc":{"start":{"line":439,"column":29},"end":{"line":446,"column":9}},"line":439},"42":{"name":"(anonymous_42)","decl":{"start":{"line":447,"column":15},"end":{"line":447,"column":16}},"loc":{"start":{"line":447,"column":22},"end":{"line":450,"column":9}},"line":447},"43":{"name":"(anonymous_43)","decl":{"start":{"line":453,"column":31},"end":{"line":453,"column":32}},"loc":{"start":{"line":453,"column":37},"end":{"line":455,"column":1}},"line":453}},"branchMap":{"0":{"loc":{"start":{"line":90,"column":18},"end":{"line":90,"column":56}},"type":"binary-expr","locations":[{"start":{"line":90,"column":18},"end":{"line":90,"column":28}},{"start":{"line":90,"column":32},"end":{"line":90,"column":56}}],"line":90},"1":{"loc":{"start":{"line":92,"column":4},"end":{"line":94,"column":5}},"type":"if","locations":[{"start":{"line":92,"column":4},"end":{"line":94,"column":5}},{"start":{},"end":{}}],"line":92},"2":{"loc":{"start":{"line":97,"column":8},"end":{"line":99,"column":9}},"type":"if","locations":[{"start":{"line":97,"column":8},"end":{"line":99,"column":9}},{"start":{},"end":{}}],"line":97},"3":{"loc":{"start":{"line":129,"column":4},"end":{"line":129,"column":67}},"type":"cond-expr","locations":[{"start":{"line":129,"column":26},"end":{"line":129,"column":62}},{"start":{"line":129,"column":65},"end":{"line":129,"column":67}}],"line":129},"4":{"loc":{"start":{"line":140,"column":4},"end":{"line":142,"column":5}},"type":"if","locations":[{"start":{"line":140,"column":4},"end":{"line":142,"column":5}},{"start":{},"end":{}}],"line":140},"5":{"loc":{"start":{"line":143,"column":4},"end":{"line":145,"column":5}},"type":"if","locations":[{"start":{"line":143,"column":4},"end":{"line":145,"column":5}},{"start":{},"end":{}}],"line":143},"6":{"loc":{"start":{"line":146,"column":4},"end":{"line":148,"column":5}},"type":"if","locations":[{"start":{"line":146,"column":4},"end":{"line":148,"column":5}},{"start":{},"end":{}}],"line":146},"7":{"loc":{"start":{"line":149,"column":4},"end":{"line":151,"column":5}},"type":"if","locations":[{"start":{"line":149,"column":4},"end":{"line":151,"column":5}},{"start":{},"end":{}}],"line":149},"8":{"loc":{"start":{"line":173,"column":12},"end":{"line":175,"column":13}},"type":"if","locations":[{"start":{"line":173,"column":12},"end":{"line":175,"column":13}},{"start":{},"end":{}}],"line":173},"9":{"loc":{"start":{"line":188,"column":12},"end":{"line":190,"column":13}},"type":"if","locations":[{"start":{"line":188,"column":12},"end":{"line":190,"column":13}},{"start":{},"end":{}}],"line":188},"10":{"loc":{"start":{"line":192,"column":12},"end":{"line":211,"column":13}},"type":"if","locations":[{"start":{"line":192,"column":12},"end":{"line":211,"column":13}},{"start":{"line":209,"column":19},"end":{"line":211,"column":13}}],"line":192},"11":{"loc":{"start":{"line":192,"column":16},"end":{"line":192,"column":56}},"type":"binary-expr","locations":[{"start":{"line":192,"column":16},"end":{"line":192,"column":33}},{"start":{"line":192,"column":37},"end":{"line":192,"column":56}}],"line":192},"12":{"loc":{"start":{"line":196,"column":20},"end":{"line":198,"column":21}},"type":"if","locations":[{"start":{"line":196,"column":20},"end":{"line":198,"column":21}},{"start":{},"end":{}}],"line":196},"13":{"loc":{"start":{"line":200,"column":20},"end":{"line":205,"column":21}},"type":"if","locations":[{"start":{"line":200,"column":20},"end":{"line":205,"column":21}},{"start":{"line":202,"column":27},"end":{"line":205,"column":21}}],"line":200},"14":{"loc":{"start":{"line":232,"column":12},"end":{"line":234,"column":13}},"type":"if","locations":[{"start":{"line":232,"column":12},"end":{"line":234,"column":13}},{"start":{},"end":{}}],"line":232},"15":{"loc":{"start":{"line":239,"column":23},"end":{"line":239,"column":32}},"type":"binary-expr","locations":[{"start":{"line":239,"column":23},"end":{"line":239,"column":24}},{"start":{"line":239,"column":28},"end":{"line":239,"column":32}}],"line":239},"16":{"loc":{"start":{"line":245,"column":12},"end":{"line":268,"column":13}},"type":"if","locations":[{"start":{"line":245,"column":12},"end":{"line":268,"column":13}},{"start":{"line":250,"column":17},"end":{"line":268,"column":13}}],"line":245},"17":{"loc":{"start":{"line":246,"column":16},"end":{"line":248,"column":17}},"type":"if","locations":[{"start":{"line":246,"column":16},"end":{"line":248,"column":17}},{"start":{},"end":{}}],"line":246},"18":{"loc":{"start":{"line":293,"column":12},"end":{"line":295,"column":13}},"type":"if","locations":[{"start":{"line":293,"column":12},"end":{"line":295,"column":13}},{"start":{},"end":{}}],"line":293},"19":{"loc":{"start":{"line":298,"column":23},"end":{"line":298,"column":32}},"type":"binary-expr","locations":[{"start":{"line":298,"column":23},"end":{"line":298,"column":24}},{"start":{"line":298,"column":28},"end":{"line":298,"column":32}}],"line":298},"20":{"loc":{"start":{"line":304,"column":12},"end":{"line":327,"column":13}},"type":"if","locations":[{"start":{"line":304,"column":12},"end":{"line":327,"column":13}},{"start":{"line":309,"column":17},"end":{"line":327,"column":13}}],"line":304},"21":{"loc":{"start":{"line":305,"column":16},"end":{"line":307,"column":17}},"type":"if","locations":[{"start":{"line":305,"column":16},"end":{"line":307,"column":17}},{"start":{},"end":{}}],"line":305},"22":{"loc":{"start":{"line":345,"column":12},"end":{"line":345,"column":80}},"type":"if","locations":[{"start":{"line":345,"column":12},"end":{"line":345,"column":80}},{"start":{},"end":{}}],"line":345},"23":{"loc":{"start":{"line":361,"column":4},"end":{"line":361,"column":88}},"type":"if","locations":[{"start":{"line":361,"column":4},"end":{"line":361,"column":88}},{"start":{},"end":{}}],"line":361},"24":{"loc":{"start":{"line":366,"column":12},"end":{"line":368,"column":13}},"type":"if","locations":[{"start":{"line":366,"column":12},"end":{"line":368,"column":13}},{"start":{},"end":{}}],"line":366},"25":{"loc":{"start":{"line":373,"column":12},"end":{"line":375,"column":13}},"type":"if","locations":[{"start":{"line":373,"column":12},"end":{"line":375,"column":13}},{"start":{},"end":{}}],"line":373},"26":{"loc":{"start":{"line":385,"column":4},"end":{"line":387,"column":5}},"type":"if","locations":[{"start":{"line":385,"column":4},"end":{"line":387,"column":5}},{"start":{},"end":{}}],"line":385},"27":{"loc":{"start":{"line":385,"column":8},"end":{"line":385,"column":80}},"type":"binary-expr","locations":[{"start":{"line":385,"column":8},"end":{"line":385,"column":44}},{"start":{"line":385,"column":48},"end":{"line":385,"column":80}}],"line":385},"28":{"loc":{"start":{"line":392,"column":12},"end":{"line":420,"column":13}},"type":"if","locations":[{"start":{"line":392,"column":12},"end":{"line":420,"column":13}},{"start":{"line":394,"column":19},"end":{"line":420,"column":13}}],"line":392},"29":{"loc":{"start":{"line":395,"column":16},"end":{"line":397,"column":17}},"type":"if","locations":[{"start":{"line":395,"column":16},"end":{"line":397,"column":17}},{"start":{},"end":{}}],"line":395},"30":{"loc":{"start":{"line":400,"column":20},"end":{"line":402,"column":21}},"type":"if","locations":[{"start":{"line":400,"column":20},"end":{"line":402,"column":21}},{"start":{},"end":{}}],"line":400},"31":{"loc":{"start":{"line":404,"column":20},"end":{"line":406,"column":21}},"type":"if","locations":[{"start":{"line":404,"column":20},"end":{"line":406,"column":21}},{"start":{},"end":{}}],"line":404},"32":{"loc":{"start":{"line":434,"column":4},"end":{"line":434,"column":88}},"type":"if","locations":[{"start":{"line":434,"column":4},"end":{"line":434,"column":88}},{"start":{},"end":{}}],"line":434},"33":{"loc":{"start":{"line":440,"column":12},"end":{"line":443,"column":13}},"type":"if","locations":[{"start":{"line":440,"column":12},"end":{"line":443,"column":13}},{"start":{},"end":{}}],"line":440}},"s":{"0":1,"1":1,"2":1,"3":1,"4":1,"5":1,"6":1,"7":1,"8":1,"9":1,"10":1,"11":1,"12":1,"13":1,"14":1,"15":1,"16":1,"17":1,"18":1,"19":1,"20":1,"21":8,"22":8,"23":8,"24":0,"25":8,"26":8,"27":1,"28":7,"29":7,"30":7,"31":1,"32":2,"33":2,"34":2,"35":1,"36":2,"37":2,"38":2,"39":2,"40":2,"41":1,"42":6,"43":6,"44":6,"45":1,"46":5,"47":1,"48":4,"49":1,"50":3,"51":1,"52":2,"53":2,"54":2,"55":2,"56":2,"57":1,"58":1,"59":1,"60":0,"61":1,"62":5,"63":5,"64":5,"65":1,"66":4,"67":3,"68":3,"69":1,"70":2,"71":1,"72":1,"73":1,"74":1,"75":0,"76":0,"77":1,"78":0,"79":0,"80":0,"81":0,"82":0,"83":0,"84":0,"85":0,"86":0,"87":0,"88":0,"89":0,"90":0,"91":0,"92":0,"93":0,"94":0,"95":0,"96":0,"97":0,"98":0,"99":0,"100":1,"101":0,"102":0,"103":0,"104":0,"105":0,"106":0,"107":0,"108":0,"109":0,"110":0,"111":0,"112":0,"113":0,"114":0,"115":0,"116":0,"117":0,"118":0,"119":0,"120":0,"121":0,"122":1,"123":2,"124":2,"125":1,"126":1,"127":0,"128":1,"129":3,"130":3,"131":1,"132":2,"133":1,"134":0,"135":1,"136":1,"137":1,"138":1,"139":0,"140":1,"141":3,"142":3,"143":1,"144":2,"145":2,"146":2,"147":0,"148":2,"149":0,"150":2,"151":2,"152":0,"153":2,"154":1,"155":1,"156":1,"157":1,"158":0,"159":0,"160":0,"161":1,"162":1,"163":0,"164":1,"165":1,"166":1,"167":0,"168":0,"169":1,"170":1,"171":0,"172":0,"173":1,"174":1},"f":{"0":8,"1":8,"2":2,"3":2,"4":2,"5":6,"6":2,"7":1,"8":1,"9":5,"10":5,"11":3,"12":0,"13":0,"14":0,"15":0,"16":0,"17":0,"18":0,"19":0,"20":0,"21":0,"22":0,"23":0,"24":0,"25":0,"26":0,"27":2,"28":2,"29":0,"30":3,"31":1,"32":1,"33":3,"34":2,"35":2,"36":1,"37":1,"38":0,"39":0,"40":1,"41":1,"42":0,"43":1},"b":{"0":[8,8],"1":[0,8],"2":[1,7],"3":[1,1],"4":[1,5],"5":[1,4],"6":[1,3],"7":[1,2],"8":[1,0],"9":[1,4],"10":[3,1],"11":[4,3],"12":[1,2],"13":[1,1],"14":[0,0],"15":[0,0],"16":[0,0],"17":[0,0],"18":[0,0],"19":[0,0],"20":[0,0],"21":[0,0],"22":[1,1],"23":[1,2],"24":[0,1],"25":[1,0],"26":[1,2],"27":[3,3],"28":[0,2],"29":[0,2],"30":[0,2],"31":[1,1],"32":[0,1],"33":[0,1]},"inputSourceMap":null,"_coverageSchema":"1a1c01bbd47fc00a2c39e90264f33305004495a9","hash":"05cafebf458c3ec80853e564617eaf7b1d175139"}
,"C:\\Users\\Mail4\\Documents\\GitHub\\sweng-861-week-5-software-testing\\backend\\Schema\\User.js": {"path":"C:\\Users\\Mail4\\Documents\\GitHub\\sweng-861-week-5-software-testing\\backend\\Schema\\User.js","statementMap":{"0":{"start":{"line":3,"column":19},"end":{"line":95,"column":2}}},"fnMap":{},"branchMap":{},"s":{"0":1},"f":{},"b":{},"inputSourceMap":null,"_coverageSchema":"1a1c01bbd47fc00a2c39e90264f33305004495a9","hash":"c840c90627cdfefb0c057b3290fd3a04b8830379"}
}
