{"C:\\Users\\Mail4\\Documents\\GitHub\\sweng-861-week-5-software-testing\\backend\\server.js": {"path":"C:\\Users\\Mail4\\Documents\\GitHub\\sweng-861-week-5-software-testing\\backend\\server.js","statementMap":{"0":{"start":{"line":16,"column":26},"end":{"line":18,"column":1}},"1":{"start":{"line":20,"column":15},"end":{"line":20,"column":24}},"2":{"start":{"line":22,"column":0},"end":{"line":22,"column":77}},"3":{"start":{"line":24,"column":17},"end":{"line":24,"column":64}},"4":{"start":{"line":25,"column":20},"end":{"line":25,"column":61}},"5":{"start":{"line":26,"column":11},"end":{"line":26,"column":15}},"6":{"start":{"line":28,"column":16},"end":{"line":43,"column":1}},"7":{"start":{"line":44,"column":20},"end":{"line":44,"column":41}},"8":{"start":{"line":47,"column":25},"end":{"line":50,"column":2}},"9":{"start":{"line":51,"column":36},"end":{"line":54,"column":2}},"10":{"start":{"line":55,"column":28},"end":{"line":58,"column":2}},"11":{"start":{"line":59,"column":31},"end":{"line":62,"column":2}},"12":{"start":{"line":64,"column":0},"end":{"line":64,"column":27}},"13":{"start":{"line":65,"column":0},"end":{"line":73,"column":2}},"14":{"start":{"line":74,"column":0},"end":{"line":74,"column":71}},"15":{"start":{"line":75,"column":0},"end":{"line":75,"column":29}},"16":{"start":{"line":76,"column":0},"end":{"line":76,"column":33}},"17":{"start":{"line":77,"column":0},"end":{"line":77,"column":32}},"18":{"start":{"line":78,"column":0},"end":{"line":78,"column":35}},"19":{"start":{"line":81,"column":0},"end":{"line":83,"column":2}},"20":{"start":{"line":85,"column":25},"end":{"line":102,"column":1}},"21":{"start":{"line":86,"column":23},"end":{"line":86,"column":51}},"22":{"start":{"line":87,"column":18},"end":{"line":87,"column":56}},"23":{"start":{"line":89,"column":4},"end":{"line":91,"column":5}},"24":{"start":{"line":90,"column":8},"end":{"line":90,"column":65}},"25":{"start":{"line":93,"column":4},"end":{"line":101,"column":6}},"26":{"start":{"line":94,"column":8},"end":{"line":96,"column":9}},"27":{"start":{"line":95,"column":12},"end":{"line":95,"column":77}},"28":{"start":{"line":98,"column":8},"end":{"line":98,"column":26}},"29":{"start":{"line":99,"column":8},"end":{"line":99,"column":30}},"30":{"start":{"line":100,"column":8},"end":{"line":100,"column":14}},"31":{"start":{"line":104,"column":32},"end":{"line":114,"column":1}},"32":{"start":{"line":105,"column":25},"end":{"line":105,"column":101}},"33":{"start":{"line":107,"column":4},"end":{"line":113,"column":5}},"34":{"start":{"line":116,"column":32},"end":{"line":123,"column":1}},"35":{"start":{"line":117,"column":19},"end":{"line":117,"column":38}},"36":{"start":{"line":118,"column":30},"end":{"line":118,"column":112}},"37":{"start":{"line":118,"column":105},"end":{"line":118,"column":111}},"38":{"start":{"line":120,"column":4},"end":{"line":120,"column":68}},"39":{"start":{"line":122,"column":4},"end":{"line":122,"column":20}},"40":{"start":{"line":126,"column":0},"end":{"line":169,"column":3}},"41":{"start":{"line":127,"column":40},"end":{"line":127,"column":48}},"42":{"start":{"line":128,"column":18},"end":{"line":128,"column":69}},"43":{"start":{"line":130,"column":4},"end":{"line":132,"column":5}},"44":{"start":{"line":131,"column":8},"end":{"line":131,"column":92}},"45":{"start":{"line":133,"column":4},"end":{"line":135,"column":5}},"46":{"start":{"line":134,"column":8},"end":{"line":134,"column":63}},"47":{"start":{"line":136,"column":4},"end":{"line":138,"column":5}},"48":{"start":{"line":137,"column":8},"end":{"line":137,"column":68}},"49":{"start":{"line":139,"column":4},"end":{"line":141,"column":5}},"50":{"start":{"line":140,"column":8},"end":{"line":140,"column":146}},"51":{"start":{"line":143,"column":4},"end":{"line":168,"column":7}},"52":{"start":{"line":144,"column":23},"end":{"line":144,"column":52}},"53":{"start":{"line":145,"column":26},"end":{"line":145,"column":122}},"54":{"start":{"line":147,"column":19},"end":{"line":158,"column":10}},"55":{"start":{"line":160,"column":8},"end":{"line":167,"column":11}},"56":{"start":{"line":161,"column":12},"end":{"line":161,"column":54}},"57":{"start":{"line":163,"column":12},"end":{"line":165,"column":13}},"58":{"start":{"line":164,"column":16},"end":{"line":164,"column":80}},"59":{"start":{"line":166,"column":12},"end":{"line":166,"column":65}},"60":{"start":{"line":172,"column":0},"end":{"line":209,"column":2}},"61":{"start":{"line":174,"column":30},"end":{"line":174,"column":38}},"62":{"start":{"line":176,"column":4},"end":{"line":207,"column":10}},"63":{"start":{"line":178,"column":12},"end":{"line":180,"column":13}},"64":{"start":{"line":179,"column":16},"end":{"line":179,"column":76}},"65":{"start":{"line":182,"column":12},"end":{"line":201,"column":13}},"66":{"start":{"line":184,"column":16},"end":{"line":197,"column":18}},"67":{"start":{"line":186,"column":20},"end":{"line":188,"column":21}},"68":{"start":{"line":187,"column":24},"end":{"line":187,"column":117}},"69":{"start":{"line":190,"column":20},"end":{"line":195,"column":21}},"70":{"start":{"line":191,"column":24},"end":{"line":191,"column":86}},"71":{"start":{"line":193,"column":24},"end":{"line":193,"column":80}},"72":{"start":{"line":194,"column":24},"end":{"line":194,"column":75}},"73":{"start":{"line":200,"column":16},"end":{"line":200,"column":149}},"74":{"start":{"line":205,"column":12},"end":{"line":205,"column":37}},"75":{"start":{"line":206,"column":12},"end":{"line":206,"column":65}},"76":{"start":{"line":331,"column":0},"end":{"line":341,"column":3}},"77":{"start":{"line":332,"column":4},"end":{"line":340,"column":11}},"78":{"start":{"line":335,"column":12},"end":{"line":335,"column":80}},"79":{"start":{"line":335,"column":23},"end":{"line":335,"column":80}},"80":{"start":{"line":336,"column":12},"end":{"line":336,"column":39}},"81":{"start":{"line":339,"column":12},"end":{"line":339,"column":56}},"82":{"start":{"line":344,"column":0},"end":{"line":365,"column":3}},"83":{"start":{"line":345,"column":23},"end":{"line":349,"column":5}},"84":{"start":{"line":351,"column":4},"end":{"line":351,"column":104}},"85":{"start":{"line":351,"column":52},"end":{"line":351,"column":104}},"86":{"start":{"line":353,"column":4},"end":{"line":364,"column":11}},"87":{"start":{"line":356,"column":12},"end":{"line":356,"column":50}},"88":{"start":{"line":359,"column":12},"end":{"line":359,"column":28}},"89":{"start":{"line":360,"column":12},"end":{"line":362,"column":13}},"90":{"start":{"line":361,"column":16},"end":{"line":361,"column":80}},"91":{"start":{"line":363,"column":12},"end":{"line":363,"column":57}},"92":{"start":{"line":368,"column":0},"end":{"line":412,"column":3}},"93":{"start":{"line":370,"column":43},"end":{"line":370,"column":51}},"94":{"start":{"line":372,"column":4},"end":{"line":374,"column":5}},"95":{"start":{"line":373,"column":8},"end":{"line":373,"column":144}},"96":{"start":{"line":376,"column":4},"end":{"line":411,"column":5}},"97":{"start":{"line":377,"column":8},"end":{"line":408,"column":14}},"98":{"start":{"line":379,"column":16},"end":{"line":381,"column":17}},"99":{"start":{"line":380,"column":20},"end":{"line":380,"column":134}},"100":{"start":{"line":383,"column":16},"end":{"line":403,"column":22}},"101":{"start":{"line":384,"column":20},"end":{"line":386,"column":21}},"102":{"start":{"line":385,"column":24},"end":{"line":385,"column":136}},"103":{"start":{"line":388,"column":20},"end":{"line":390,"column":21}},"104":{"start":{"line":389,"column":24},"end":{"line":389,"column":92}},"105":{"start":{"line":392,"column":20},"end":{"line":402,"column":26}},"106":{"start":{"line":394,"column":24},"end":{"line":400,"column":30}},"107":{"start":{"line":396,"column":32},"end":{"line":396,"column":91}},"108":{"start":{"line":399,"column":32},"end":{"line":399,"column":142}},"109":{"start":{"line":406,"column":16},"end":{"line":406,"column":33}},"110":{"start":{"line":407,"column":16},"end":{"line":407,"column":81}},"111":{"start":{"line":410,"column":8},"end":{"line":410,"column":99}},"112":{"start":{"line":415,"column":0},"end":{"line":427,"column":3}},"113":{"start":{"line":417,"column":4},"end":{"line":417,"column":104}},"114":{"start":{"line":417,"column":52},"end":{"line":417,"column":104}},"115":{"start":{"line":419,"column":4},"end":{"line":426,"column":11}},"116":{"start":{"line":421,"column":12},"end":{"line":421,"column":75}},"117":{"start":{"line":424,"column":12},"end":{"line":424,"column":28}},"118":{"start":{"line":425,"column":12},"end":{"line":425,"column":67}},"119":{"start":{"line":429,"column":0},"end":{"line":431,"column":2}},"120":{"start":{"line":430,"column":4},"end":{"line":430,"column":48}}},"fnMap":{"0":{"name":"(anonymous_0)","decl":{"start":{"line":85,"column":25},"end":{"line":85,"column":26}},"loc":{"start":{"line":85,"column":45},"end":{"line":102,"column":1}},"line":85},"1":{"name":"(anonymous_1)","decl":{"start":{"line":93,"column":53},"end":{"line":93,"column":54}},"loc":{"start":{"line":93,"column":68},"end":{"line":101,"column":5}},"line":93},"2":{"name":"(anonymous_2)","decl":{"start":{"line":104,"column":32},"end":{"line":104,"column":33}},"loc":{"start":{"line":104,"column":42},"end":{"line":114,"column":1}},"line":104},"3":{"name":"(anonymous_3)","decl":{"start":{"line":116,"column":32},"end":{"line":116,"column":33}},"loc":{"start":{"line":116,"column":49},"end":{"line":123,"column":1}},"line":116},"4":{"name":"(anonymous_4)","decl":{"start":{"line":118,"column":93},"end":{"line":118,"column":94}},"loc":{"start":{"line":118,"column":105},"end":{"line":118,"column":111}},"line":118},"5":{"name":"(anonymous_5)","decl":{"start":{"line":126,"column":43},"end":{"line":126,"column":44}},"loc":{"start":{"line":126,"column":63},"end":{"line":169,"column":1}},"line":126},"6":{"name":"(anonymous_6)","decl":{"start":{"line":143,"column":30},"end":{"line":143,"column":31}},"loc":{"start":{"line":143,"column":62},"end":{"line":168,"column":5}},"line":143},"7":{"name":"(anonymous_7)","decl":{"start":{"line":160,"column":25},"end":{"line":160,"column":26}},"loc":{"start":{"line":160,"column":32},"end":{"line":162,"column":9}},"line":160},"8":{"name":"(anonymous_8)","decl":{"start":{"line":162,"column":17},"end":{"line":162,"column":18}},"loc":{"start":{"line":162,"column":24},"end":{"line":167,"column":9}},"line":162},"9":{"name":"(anonymous_9)","decl":{"start":{"line":172,"column":46},"end":{"line":172,"column":47}},"loc":{"start":{"line":172,"column":60},"end":{"line":209,"column":1}},"line":172},"10":{"name":"(anonymous_10)","decl":{"start":{"line":177,"column":14},"end":{"line":177,"column":15}},"loc":{"start":{"line":177,"column":24},"end":{"line":203,"column":9}},"line":177},"11":{"name":"(anonymous_11)","decl":{"start":{"line":184,"column":70},"end":{"line":184,"column":71}},"loc":{"start":{"line":184,"column":87},"end":{"line":197,"column":17}},"line":184},"12":{"name":"(anonymous_12)","decl":{"start":{"line":204,"column":15},"end":{"line":204,"column":16}},"loc":{"start":{"line":204,"column":22},"end":{"line":207,"column":9}},"line":204},"13":{"name":"(anonymous_13)","decl":{"start":{"line":331,"column":49},"end":{"line":331,"column":50}},"loc":{"start":{"line":331,"column":63},"end":{"line":341,"column":1}},"line":331},"14":{"name":"(anonymous_14)","decl":{"start":{"line":334,"column":14},"end":{"line":334,"column":15}},"loc":{"start":{"line":334,"column":22},"end":{"line":337,"column":9}},"line":334},"15":{"name":"(anonymous_15)","decl":{"start":{"line":338,"column":15},"end":{"line":338,"column":16}},"loc":{"start":{"line":338,"column":22},"end":{"line":340,"column":9}},"line":338},"16":{"name":"(anonymous_16)","decl":{"start":{"line":344,"column":58},"end":{"line":344,"column":59}},"loc":{"start":{"line":344,"column":72},"end":{"line":365,"column":1}},"line":344},"17":{"name":"(anonymous_17)","decl":{"start":{"line":355,"column":14},"end":{"line":355,"column":15}},"loc":{"start":{"line":355,"column":29},"end":{"line":357,"column":9}},"line":355},"18":{"name":"(anonymous_18)","decl":{"start":{"line":358,"column":15},"end":{"line":358,"column":16}},"loc":{"start":{"line":358,"column":22},"end":{"line":364,"column":9}},"line":358},"19":{"name":"(anonymous_19)","decl":{"start":{"line":368,"column":59},"end":{"line":368,"column":60}},"loc":{"start":{"line":368,"column":73},"end":{"line":412,"column":1}},"line":368},"20":{"name":"(anonymous_20)","decl":{"start":{"line":378,"column":18},"end":{"line":378,"column":19}},"loc":{"start":{"line":378,"column":28},"end":{"line":404,"column":17}},"line":378},"21":{"name":"(anonymous_21)","decl":{"start":{"line":383,"column":77},"end":{"line":383,"column":78}},"loc":{"start":{"line":383,"column":94},"end":{"line":403,"column":21}},"line":383},"22":{"name":"(anonymous_22)","decl":{"start":{"line":392,"column":49},"end":{"line":392,"column":50}},"loc":{"start":{"line":392,"column":75},"end":{"line":402,"column":25}},"line":392},"23":{"name":"(anonymous_23)","decl":{"start":{"line":395,"column":34},"end":{"line":395,"column":35}},"loc":{"start":{"line":395,"column":41},"end":{"line":397,"column":29}},"line":395},"24":{"name":"(anonymous_24)","decl":{"start":{"line":398,"column":35},"end":{"line":398,"column":36}},"loc":{"start":{"line":398,"column":42},"end":{"line":400,"column":29}},"line":398},"25":{"name":"(anonymous_25)","decl":{"start":{"line":405,"column":19},"end":{"line":405,"column":20}},"loc":{"start":{"line":405,"column":26},"end":{"line":408,"column":13}},"line":405},"26":{"name":"(anonymous_26)","decl":{"start":{"line":415,"column":63},"end":{"line":415,"column":64}},"loc":{"start":{"line":415,"column":77},"end":{"line":427,"column":1}},"line":415},"27":{"name":"(anonymous_27)","decl":{"start":{"line":420,"column":14},"end":{"line":420,"column":15}},"loc":{"start":{"line":420,"column":29},"end":{"line":422,"column":9}},"line":420},"28":{"name":"(anonymous_28)","decl":{"start":{"line":423,"column":15},"end":{"line":423,"column":16}},"loc":{"start":{"line":423,"column":22},"end":{"line":426,"column":9}},"line":423},"29":{"name":"(anonymous_29)","decl":{"start":{"line":429,"column":31},"end":{"line":429,"column":32}},"loc":{"start":{"line":429,"column":37},"end":{"line":431,"column":1}},"line":429}},"branchMap":{"0":{"loc":{"start":{"line":87,"column":18},"end":{"line":87,"column":56}},"type":"binary-expr","locations":[{"start":{"line":87,"column":18},"end":{"line":87,"column":28}},{"start":{"line":87,"column":32},"end":{"line":87,"column":56}}],"line":87},"1":{"loc":{"start":{"line":89,"column":4},"end":{"line":91,"column":5}},"type":"if","locations":[{"start":{"line":89,"column":4},"end":{"line":91,"column":5}},{"start":{},"end":{}}],"line":89},"2":{"loc":{"start":{"line":94,"column":8},"end":{"line":96,"column":9}},"type":"if","locations":[{"start":{"line":94,"column":8},"end":{"line":96,"column":9}},{"start":{},"end":{}}],"line":94},"3":{"loc":{"start":{"line":120,"column":4},"end":{"line":120,"column":67}},"type":"cond-expr","locations":[{"start":{"line":120,"column":26},"end":{"line":120,"column":62}},{"start":{"line":120,"column":65},"end":{"line":120,"column":67}}],"line":120},"4":{"loc":{"start":{"line":130,"column":4},"end":{"line":132,"column":5}},"type":"if","locations":[{"start":{"line":130,"column":4},"end":{"line":132,"column":5}},{"start":{},"end":{}}],"line":130},"5":{"loc":{"start":{"line":133,"column":4},"end":{"line":135,"column":5}},"type":"if","locations":[{"start":{"line":133,"column":4},"end":{"line":135,"column":5}},{"start":{},"end":{}}],"line":133},"6":{"loc":{"start":{"line":136,"column":4},"end":{"line":138,"column":5}},"type":"if","locations":[{"start":{"line":136,"column":4},"end":{"line":138,"column":5}},{"start":{},"end":{}}],"line":136},"7":{"loc":{"start":{"line":139,"column":4},"end":{"line":141,"column":5}},"type":"if","locations":[{"start":{"line":139,"column":4},"end":{"line":141,"column":5}},{"start":{},"end":{}}],"line":139},"8":{"loc":{"start":{"line":163,"column":12},"end":{"line":165,"column":13}},"type":"if","locations":[{"start":{"line":163,"column":12},"end":{"line":165,"column":13}},{"start":{},"end":{}}],"line":163},"9":{"loc":{"start":{"line":178,"column":12},"end":{"line":180,"column":13}},"type":"if","locations":[{"start":{"line":178,"column":12},"end":{"line":180,"column":13}},{"start":{},"end":{}}],"line":178},"10":{"loc":{"start":{"line":182,"column":12},"end":{"line":201,"column":13}},"type":"if","locations":[{"start":{"line":182,"column":12},"end":{"line":201,"column":13}},{"start":{"line":199,"column":19},"end":{"line":201,"column":13}}],"line":182},"11":{"loc":{"start":{"line":182,"column":16},"end":{"line":182,"column":56}},"type":"binary-expr","locations":[{"start":{"line":182,"column":16},"end":{"line":182,"column":33}},{"start":{"line":182,"column":37},"end":{"line":182,"column":56}}],"line":182},"12":{"loc":{"start":{"line":186,"column":20},"end":{"line":188,"column":21}},"type":"if","locations":[{"start":{"line":186,"column":20},"end":{"line":188,"column":21}},{"start":{},"end":{}}],"line":186},"13":{"loc":{"start":{"line":190,"column":20},"end":{"line":195,"column":21}},"type":"if","locations":[{"start":{"line":190,"column":20},"end":{"line":195,"column":21}},{"start":{"line":192,"column":27},"end":{"line":195,"column":21}}],"line":190},"14":{"loc":{"start":{"line":335,"column":12},"end":{"line":335,"column":80}},"type":"if","locations":[{"start":{"line":335,"column":12},"end":{"line":335,"column":80}},{"start":{},"end":{}}],"line":335},"15":{"loc":{"start":{"line":351,"column":4},"end":{"line":351,"column":104}},"type":"if","locations":[{"start":{"line":351,"column":4},"end":{"line":351,"column":104}},{"start":{},"end":{}}],"line":351},"16":{"loc":{"start":{"line":360,"column":12},"end":{"line":362,"column":13}},"type":"if","locations":[{"start":{"line":360,"column":12},"end":{"line":362,"column":13}},{"start":{},"end":{}}],"line":360},"17":{"loc":{"start":{"line":372,"column":4},"end":{"line":374,"column":5}},"type":"if","locations":[{"start":{"line":372,"column":4},"end":{"line":374,"column":5}},{"start":{},"end":{}}],"line":372},"18":{"loc":{"start":{"line":372,"column":8},"end":{"line":372,"column":80}},"type":"binary-expr","locations":[{"start":{"line":372,"column":8},"end":{"line":372,"column":44}},{"start":{"line":372,"column":48},"end":{"line":372,"column":80}}],"line":372},"19":{"loc":{"start":{"line":376,"column":4},"end":{"line":411,"column":5}},"type":"if","locations":[{"start":{"line":376,"column":4},"end":{"line":411,"column":5}},{"start":{"line":409,"column":11},"end":{"line":411,"column":5}}],"line":376},"20":{"loc":{"start":{"line":379,"column":16},"end":{"line":381,"column":17}},"type":"if","locations":[{"start":{"line":379,"column":16},"end":{"line":381,"column":17}},{"start":{},"end":{}}],"line":379},"21":{"loc":{"start":{"line":384,"column":20},"end":{"line":386,"column":21}},"type":"if","locations":[{"start":{"line":384,"column":20},"end":{"line":386,"column":21}},{"start":{},"end":{}}],"line":384},"22":{"loc":{"start":{"line":388,"column":20},"end":{"line":390,"column":21}},"type":"if","locations":[{"start":{"line":388,"column":20},"end":{"line":390,"column":21}},{"start":{},"end":{}}],"line":388},"23":{"loc":{"start":{"line":417,"column":4},"end":{"line":417,"column":104}},"type":"if","locations":[{"start":{"line":417,"column":4},"end":{"line":417,"column":104}},{"start":{},"end":{}}],"line":417}},"s":{"0":1,"1":1,"2":1,"3":1,"4":1,"5":1,"6":1,"7":1,"8":1,"9":1,"10":1,"11":1,"12":1,"13":1,"14":1,"15":1,"16":1,"17":1,"18":1,"19":1,"20":1,"21":15,"22":15,"23":15,"24":1,"25":14,"26":14,"27":1,"28":13,"29":13,"30":13,"31":1,"32":2,"33":2,"34":1,"35":3,"36":3,"37":3,"38":3,"39":3,"40":1,"41":7,"42":7,"43":7,"44":1,"45":6,"46":1,"47":5,"48":1,"49":4,"50":1,"51":3,"52":3,"53":3,"54":3,"55":3,"56":1,"57":2,"58":1,"59":1,"60":1,"61":6,"62":6,"63":5,"64":1,"65":4,"66":3,"67":3,"68":1,"69":2,"70":1,"71":1,"72":1,"73":1,"74":1,"75":1,"76":1,"77":2,"78":2,"79":1,"80":1,"81":0,"82":1,"83":3,"84":3,"85":1,"86":2,"87":1,"88":1,"89":1,"90":1,"91":0,"92":1,"93":6,"94":6,"95":1,"96":5,"97":4,"98":3,"99":1,"100":2,"101":2,"102":0,"103":2,"104":1,"105":1,"106":1,"107":1,"108":0,"109":1,"110":1,"111":1,"112":1,"113":3,"114":1,"115":2,"116":1,"117":1,"118":1,"119":1,"120":1},"f":{"0":15,"1":14,"2":2,"3":3,"4":3,"5":7,"6":3,"7":1,"8":2,"9":6,"10":5,"11":3,"12":1,"13":2,"14":2,"15":0,"16":3,"17":1,"18":1,"19":6,"20":3,"21":2,"22":1,"23":1,"24":0,"25":1,"26":3,"27":1,"28":1,"29":1},"b":{"0":[15,14],"1":[1,14],"2":[1,13],"3":[1,2],"4":[1,6],"5":[1,5],"6":[1,4],"7":[1,3],"8":[1,1],"9":[1,4],"10":[3,1],"11":[4,3],"12":[1,2],"13":[1,1],"14":[1,1],"15":[1,2],"16":[1,0],"17":[1,5],"18":[6,6],"19":[4,1],"20":[1,2],"21":[0,2],"22":[1,1],"23":[1,2]},"inputSourceMap":null,"_coverageSchema":"1a1c01bbd47fc00a2c39e90264f33305004495a9","hash":"d100560d17646de5709982c6178cd5b1d4e59a48"}
,"C:\\Users\\Mail4\\Documents\\GitHub\\sweng-861-week-5-software-testing\\backend\\Schema\\User.js": {"path":"C:\\Users\\Mail4\\Documents\\GitHub\\sweng-861-week-5-software-testing\\backend\\Schema\\User.js","statementMap":{"0":{"start":{"line":3,"column":19},"end":{"line":95,"column":2}}},"fnMap":{},"branchMap":{},"s":{"0":1},"f":{},"b":{},"inputSourceMap":null,"_coverageSchema":"1a1c01bbd47fc00a2c39e90264f33305004495a9","hash":"c840c90627cdfefb0c057b3290fd3a04b8830379"}
}
