TN:
SF:server.js
FN:86,(anonymous_0)
FN:96,(anonymous_1)
FN:108,(anonymous_2)
FN:123,(anonymous_3)
FN:127,(anonymous_4)
FN:136,(anonymous_5)
FN:153,(anonymous_6)
FN:170,(anonymous_7)
FN:172,(anonymous_8)
FN:182,(anonymous_9)
FN:187,(anonymous_10)
FN:194,(anonymous_11)
FN:214,(anonymous_12)
FN:221,(anonymous_13)
FN:227,(anonymous_14)
FN:238,(anonymous_15)
FN:241,(anonymous_16)
FN:261,(anonymous_17)
FN:264,(anonymous_18)
FN:274,(anonymous_19)
FN:281,(anonymous_20)
FN:288,(anonymous_21)
FN:297,(anonymous_22)
FN:300,(anonymous_23)
FN:320,(anonymous_24)
FN:323,(anonymous_25)
FN:333,(anonymous_26)
FN:341,(anonymous_27)
FN:344,(anonymous_28)
FN:348,(anonymous_29)
FN:354,(anonymous_30)
FN:365,(anonymous_31)
FN:371,(anonymous_32)
FN:381,(anonymous_33)
FN:390,(anonymous_34)
FN:399,(anonymous_35)
FN:408,(anonymous_36)
FN:411,(anonymous_37)
FN:414,(anonymous_38)
FN:424,(anonymous_39)
FN:432,(anonymous_40)
FN:439,(anonymous_41)
FN:447,(anonymous_42)
FN:453,(anonymous_43)
FNF:44
FNH:25
FNDA:8,(anonymous_0)
FNDA:8,(anonymous_1)
FNDA:2,(anonymous_2)
FNDA:2,(anonymous_3)
FNDA:2,(anonymous_4)
FNDA:6,(anonymous_5)
FNDA:2,(anonymous_6)
FNDA:1,(anonymous_7)
FNDA:1,(anonymous_8)
FNDA:5,(anonymous_9)
FNDA:5,(anonymous_10)
FNDA:3,(anonymous_11)
FNDA:0,(anonymous_12)
FNDA:0,(anonymous_13)
FNDA:0,(anonymous_14)
FNDA:0,(anonymous_15)
FNDA:0,(anonymous_16)
FNDA:0,(anonymous_17)
FNDA:0,(anonymous_18)
FNDA:0,(anonymous_19)
FNDA:0,(anonymous_20)
FNDA:0,(anonymous_21)
FNDA:0,(anonymous_22)
FNDA:0,(anonymous_23)
FNDA:0,(anonymous_24)
FNDA:0,(anonymous_25)
FNDA:0,(anonymous_26)
FNDA:2,(anonymous_27)
FNDA:2,(anonymous_28)
FNDA:0,(anonymous_29)
FNDA:3,(anonymous_30)
FNDA:1,(anonymous_31)
FNDA:1,(anonymous_32)
FNDA:3,(anonymous_33)
FNDA:2,(anonymous_34)
FNDA:2,(anonymous_35)
FNDA:1,(anonymous_36)
FNDA:1,(anonymous_37)
FNDA:0,(anonymous_38)
FNDA:0,(anonymous_39)
FNDA:1,(anonymous_40)
FNDA:1,(anonymous_41)
FNDA:0,(anonymous_42)
FNDA:1,(anonymous_43)
DA:17,1
DA:21,1
DA:23,1
DA:25,1
DA:26,1
DA:27,1
DA:29,1
DA:45,1
DA:48,1
DA:52,1
DA:56,1
DA:60,1
DA:65,1
DA:66,1
DA:75,1
DA:76,1
DA:77,1
DA:78,1
DA:79,1
DA:82,1
DA:86,1
DA:88,8
DA:90,8
DA:92,8
DA:93,0
DA:96,8
DA:97,8
DA:98,1
DA:101,7
DA:102,7
DA:103,7
DA:108,1
DA:110,2
DA:112,2
DA:114,2
DA:123,1
DA:125,2
DA:127,2
DA:129,2
DA:131,2
DA:136,1
DA:137,6
DA:138,6
DA:140,6
DA:141,1
DA:143,5
DA:144,1
DA:146,4
DA:147,1
DA:149,3
DA:150,1
DA:153,2
DA:154,2
DA:155,2
DA:157,2
DA:170,2
DA:171,1
DA:173,1
DA:174,1
DA:176,0
DA:182,1
DA:184,5
DA:186,5
DA:188,5
DA:189,1
DA:192,4
DA:194,3
DA:196,3
DA:197,1
DA:200,2
DA:201,1
DA:203,1
DA:204,1
DA:210,1
DA:215,0
DA:216,0
DA:221,1
DA:223,0
DA:225,0
DA:229,0
DA:230,0
DA:232,0
DA:233,0
DA:236,0
DA:238,0
DA:239,0
DA:242,0
DA:245,0
DA:246,0
DA:247,0
DA:252,0
DA:254,0
DA:261,0
DA:262,0
DA:265,0
DA:270,0
DA:271,0
DA:275,0
DA:276,0
DA:281,1
DA:283,0
DA:286,0
DA:290,0
DA:291,0
DA:293,0
DA:294,0
DA:297,0
DA:298,0
DA:301,0
DA:304,0
DA:305,0
DA:306,0
DA:311,0
DA:313,0
DA:320,0
DA:321,0
DA:324,0
DA:329,0
DA:330,0
DA:334,0
DA:335,0
DA:341,1
DA:342,2
DA:345,2
DA:346,1
DA:349,0
DA:354,1
DA:355,3
DA:361,3
DA:363,2
DA:366,1
DA:367,0
DA:369,1
DA:372,1
DA:373,1
DA:374,1
DA:376,0
DA:381,1
DA:383,3
DA:385,3
DA:386,1
DA:389,2
DA:391,2
DA:392,2
DA:393,0
DA:395,2
DA:396,0
DA:399,2
DA:400,2
DA:401,0
DA:404,2
DA:405,1
DA:408,1
DA:410,1
DA:412,1
DA:415,0
DA:425,0
DA:426,0
DA:432,1
DA:434,1
DA:436,1
DA:438,1
DA:440,1
DA:441,0
DA:442,0
DA:444,1
DA:445,1
DA:448,0
DA:449,0
DA:453,1
DA:454,1
LF:171
LH:111
BRDA:90,0,0,8
BRDA:90,0,1,8
BRDA:92,1,0,0
BRDA:92,1,1,8
BRDA:97,2,0,1
BRDA:97,2,1,7
BRDA:129,3,0,1
BRDA:129,3,1,1
BRDA:140,4,0,1
BRDA:140,4,1,5
BRDA:143,5,0,1
BRDA:143,5,1,4
BRDA:146,6,0,1
BRDA:146,6,1,3
BRDA:149,7,0,1
BRDA:149,7,1,2
BRDA:173,8,0,1
BRDA:173,8,1,0
BRDA:188,9,0,1
BRDA:188,9,1,4
BRDA:192,10,0,3
BRDA:192,10,1,1
BRDA:192,11,0,4
BRDA:192,11,1,3
BRDA:196,12,0,1
BRDA:196,12,1,2
BRDA:200,13,0,1
BRDA:200,13,1,1
BRDA:232,14,0,0
BRDA:232,14,1,0
BRDA:239,15,0,0
BRDA:239,15,1,0
BRDA:245,16,0,0
BRDA:245,16,1,0
BRDA:246,17,0,0
BRDA:246,17,1,0
BRDA:293,18,0,0
BRDA:293,18,1,0
BRDA:298,19,0,0
BRDA:298,19,1,0
BRDA:304,20,0,0
BRDA:304,20,1,0
BRDA:305,21,0,0
BRDA:305,21,1,0
BRDA:345,22,0,1
BRDA:345,22,1,1
BRDA:361,23,0,1
BRDA:361,23,1,2
BRDA:366,24,0,0
BRDA:366,24,1,1
BRDA:373,25,0,1
BRDA:373,25,1,0
BRDA:385,26,0,1
BRDA:385,26,1,2
BRDA:385,27,0,3
BRDA:385,27,1,3
BRDA:392,28,0,0
BRDA:392,28,1,2
BRDA:395,29,0,0
BRDA:395,29,1,2
BRDA:400,30,0,0
BRDA:400,30,1,2
BRDA:404,31,0,1
BRDA:404,31,1,1
BRDA:434,32,0,0
BRDA:434,32,1,1
BRDA:440,33,0,0
BRDA:440,33,1,1
BRF:68
BRH:43
end_of_record
TN:
SF:Schema\User.js
FNF:0
FNH:0
DA:3,1
LF:1
LH:1
BRF:0
BRH:0
end_of_record
