TN:
SF:server.js
FN:85,(anonymous_0)
FN:93,(anonymous_1)
FN:104,(anonymous_2)
FN:116,(anonymous_3)
FN:118,(anonymous_4)
FN:126,(anonymous_5)
FN:143,(anonymous_6)
FN:160,(anonymous_7)
FN:162,(anonymous_8)
FN:172,(anonymous_9)
FN:177,(anonymous_10)
FN:184,(anonymous_11)
FN:204,(anonymous_12)
FN:331,(anonymous_13)
FN:334,(anonymous_14)
FN:338,(anonymous_15)
FN:344,(anonymous_16)
FN:355,(anonymous_17)
FN:358,(anonymous_18)
FN:368,(anonymous_19)
FN:378,(anonymous_20)
FN:383,(anonymous_21)
FN:392,(anonymous_22)
FN:395,(anonymous_23)
FN:398,(anonymous_24)
FN:405,(anonymous_25)
FN:415,(anonymous_26)
FN:420,(anonymous_27)
FN:423,(anonymous_28)
FN:429,(anonymous_29)
FNF:30
FNH:28
FNDA:15,(anonymous_0)
FNDA:14,(anonymous_1)
FNDA:2,(anonymous_2)
FNDA:3,(anonymous_3)
FNDA:3,(anonymous_4)
FNDA:7,(anonymous_5)
FNDA:3,(anonymous_6)
FNDA:1,(anonymous_7)
FNDA:2,(anonymous_8)
FNDA:6,(anonymous_9)
FNDA:5,(anonymous_10)
FNDA:3,(anonymous_11)
FNDA:1,(anonymous_12)
FNDA:2,(anonymous_13)
FNDA:2,(anonymous_14)
FNDA:0,(anonymous_15)
FNDA:3,(anonymous_16)
FNDA:1,(anonymous_17)
FNDA:1,(anonymous_18)
FNDA:6,(anonymous_19)
FNDA:3,(anonymous_20)
FNDA:2,(anonymous_21)
FNDA:1,(anonymous_22)
FNDA:1,(anonymous_23)
FNDA:0,(anonymous_24)
FNDA:1,(anonymous_25)
FNDA:3,(anonymous_26)
FNDA:1,(anonymous_27)
FNDA:1,(anonymous_28)
FNDA:1,(anonymous_29)
DA:16,1
DA:20,1
DA:22,1
DA:24,1
DA:25,1
DA:26,1
DA:28,1
DA:44,1
DA:47,1
DA:51,1
DA:55,1
DA:59,1
DA:64,1
DA:65,1
DA:74,1
DA:75,1
DA:76,1
DA:77,1
DA:78,1
DA:81,1
DA:85,1
DA:86,15
DA:87,15
DA:89,15
DA:90,1
DA:93,14
DA:94,14
DA:95,1
DA:98,13
DA:99,13
DA:100,13
DA:104,1
DA:105,2
DA:107,2
DA:116,1
DA:117,3
DA:118,3
DA:120,3
DA:122,3
DA:126,1
DA:127,7
DA:128,7
DA:130,7
DA:131,1
DA:133,6
DA:134,1
DA:136,5
DA:137,1
DA:139,4
DA:140,1
DA:143,3
DA:144,3
DA:145,3
DA:147,3
DA:160,3
DA:161,1
DA:163,2
DA:164,1
DA:166,1
DA:172,1
DA:174,6
DA:176,6
DA:178,5
DA:179,1
DA:182,4
DA:184,3
DA:186,3
DA:187,1
DA:190,2
DA:191,1
DA:193,1
DA:194,1
DA:200,1
DA:205,1
DA:206,1
DA:331,1
DA:332,2
DA:335,2
DA:336,1
DA:339,0
DA:344,1
DA:345,3
DA:351,3
DA:353,2
DA:356,1
DA:359,1
DA:360,1
DA:361,1
DA:363,0
DA:368,1
DA:370,6
DA:372,6
DA:373,1
DA:376,5
DA:377,4
DA:379,3
DA:380,1
DA:383,2
DA:384,2
DA:385,0
DA:388,2
DA:389,1
DA:392,1
DA:394,1
DA:396,1
DA:399,0
DA:406,1
DA:407,1
DA:410,1
DA:415,1
DA:417,3
DA:419,2
DA:421,1
DA:424,1
DA:425,1
DA:429,1
DA:430,1
LF:117
LH:113
BRDA:87,0,0,15
BRDA:87,0,1,14
BRDA:89,1,0,1
BRDA:89,1,1,14
BRDA:94,2,0,1
BRDA:94,2,1,13
BRDA:120,3,0,1
BRDA:120,3,1,2
BRDA:130,4,0,1
BRDA:130,4,1,6
BRDA:133,5,0,1
BRDA:133,5,1,5
BRDA:136,6,0,1
BRDA:136,6,1,4
BRDA:139,7,0,1
BRDA:139,7,1,3
BRDA:163,8,0,1
BRDA:163,8,1,1
BRDA:178,9,0,1
BRDA:178,9,1,4
BRDA:182,10,0,3
BRDA:182,10,1,1
BRDA:182,11,0,4
BRDA:182,11,1,3
BRDA:186,12,0,1
BRDA:186,12,1,2
BRDA:190,13,0,1
BRDA:190,13,1,1
BRDA:335,14,0,1
BRDA:335,14,1,1
BRDA:351,15,0,1
BRDA:351,15,1,2
BRDA:360,16,0,1
BRDA:360,16,1,0
BRDA:372,17,0,1
BRDA:372,17,1,5
BRDA:372,18,0,6
BRDA:372,18,1,6
BRDA:376,19,0,4
BRDA:376,19,1,1
BRDA:379,20,0,1
BRDA:379,20,1,2
BRDA:384,21,0,0
BRDA:384,21,1,2
BRDA:388,22,0,1
BRDA:388,22,1,1
BRDA:417,23,0,1
BRDA:417,23,1,2
BRF:48
BRH:46
end_of_record
TN:
SF:Schema\User.js
FNF:0
FNH:0
DA:3,1
LF:1
LH:1
BRF:0
BRH:0
end_of_record
